{"D:\\raiyan\\dev\\sqa_project\\server\\config\\cloudinary.js": {"path":"D:\\raiyan\\dev\\sqa_project\\server\\config\\cloudinary.js","statementMap":{"0":{"start":{"line":1,"column":19},"end":{"line":1,"column":43}},"1":{"start":{"line":4,"column":0},"end":{"line":8,"column":3}},"2":{"start":{"line":10,"column":0},"end":{"line":10,"column":28}}},"fnMap":{},"branchMap":{},"s":{"0":2,"1":2,"2":2},"f":{},"b":{},"_coverageSchema":"1a1c01bbd47fc00a2c39e90264f33305004495a9","hash":"c5117979f27b11aaa1639e6114c4aea00f2deec3"}
,"D:\\raiyan\\dev\\sqa_project\\server\\controllers\\authController.js": {"path":"D:\\raiyan\\dev\\sqa_project\\server\\controllers\\authController.js","statementMap":{"0":{"start":{"line":1,"column":15},"end":{"line":1,"column":34}},"1":{"start":{"line":2,"column":12},"end":{"line":2,"column":35}},"2":{"start":{"line":3,"column":13},"end":{"line":3,"column":38}},"3":{"start":{"line":4,"column":19},"end":{"line":4,"column":50}},"4":{"start":{"line":5,"column":12},"end":{"line":5,"column":36}},"5":{"start":{"line":6,"column":31},"end":{"line":6,"column":67}},"6":{"start":{"line":7,"column":38},"end":{"line":7,"column":70}},"7":{"start":{"line":10,"column":0},"end":{"line":111,"column":2}},"8":{"start":{"line":11,"column":2},"end":{"line":110,"column":3}},"9":{"start":{"line":12,"column":71},"end":{"line":12,"column":79}},"10":{"start":{"line":15,"column":4},"end":{"line":17,"column":5}},"11":{"start":{"line":16,"column":6},"end":{"line":16,"column":134}},"12":{"start":{"line":20,"column":4},"end":{"line":22,"column":5}},"13":{"start":{"line":21,"column":6},"end":{"line":21,"column":87}},"14":{"start":{"line":25,"column":4},"end":{"line":27,"column":5}},"15":{"start":{"line":26,"column":6},"end":{"line":26,"column":94}},"16":{"start":{"line":30,"column":25},"end":{"line":30,"column":47}},"17":{"start":{"line":31,"column":25},"end":{"line":31,"column":47}},"18":{"start":{"line":32,"column":4},"end":{"line":34,"column":5}},"19":{"start":{"line":33,"column":6},"end":{"line":33,"column":109}},"20":{"start":{"line":37,"column":25},"end":{"line":37,"column":54}},"21":{"start":{"line":38,"column":4},"end":{"line":40,"column":5}},"22":{"start":{"line":39,"column":6},"end":{"line":39,"column":86}},"23":{"start":{"line":43,"column":23},"end":{"line":43,"column":62}},"24":{"start":{"line":44,"column":4},"end":{"line":46,"column":5}},"25":{"start":{"line":45,"column":6},"end":{"line":45,"column":69}},"26":{"start":{"line":49,"column":17},"end":{"line":49,"column":41}},"27":{"start":{"line":50,"column":27},"end":{"line":50,"column":60}},"28":{"start":{"line":53,"column":24},"end":{"line":53,"column":28}},"29":{"start":{"line":54,"column":4},"end":{"line":61,"column":5}},"30":{"start":{"line":55,"column":6},"end":{"line":60,"column":7}},"31":{"start":{"line":56,"column":8},"end":{"line":56,"column":92}},"32":{"start":{"line":58,"column":8},"end":{"line":58,"column":64}},"33":{"start":{"line":59,"column":8},"end":{"line":59,"column":85}},"34":{"start":{"line":64,"column":17},"end":{"line":72,"column":6}},"35":{"start":{"line":74,"column":4},"end":{"line":74,"column":22}},"36":{"start":{"line":77,"column":4},"end":{"line":81,"column":6}},"37":{"start":{"line":84,"column":4},"end":{"line":84,"column":38}},"38":{"start":{"line":87,"column":18},"end":{"line":91,"column":5}},"39":{"start":{"line":93,"column":4},"end":{"line":106,"column":7}},"40":{"start":{"line":108,"column":4},"end":{"line":108,"column":48}},"41":{"start":{"line":109,"column":4},"end":{"line":109,"column":74}},"42":{"start":{"line":114,"column":0},"end":{"line":165,"column":2}},"43":{"start":{"line":115,"column":2},"end":{"line":164,"column":3}},"44":{"start":{"line":116,"column":32},"end":{"line":116,"column":40}},"45":{"start":{"line":119,"column":4},"end":{"line":121,"column":5}},"46":{"start":{"line":120,"column":6},"end":{"line":120,"column":84}},"47":{"start":{"line":124,"column":17},"end":{"line":124,"column":69}},"48":{"start":{"line":125,"column":4},"end":{"line":127,"column":5}},"49":{"start":{"line":126,"column":6},"end":{"line":126,"column":70}},"50":{"start":{"line":130,"column":4},"end":{"line":132,"column":5}},"51":{"start":{"line":131,"column":6},"end":{"line":131,"column":83}},"52":{"start":{"line":135,"column":20},"end":{"line":135,"column":65}},"53":{"start":{"line":136,"column":4},"end":{"line":138,"column":5}},"54":{"start":{"line":137,"column":6},"end":{"line":137,"column":70}},"55":{"start":{"line":141,"column":18},"end":{"line":145,"column":5}},"56":{"start":{"line":147,"column":4},"end":{"line":160,"column":7}},"57":{"start":{"line":162,"column":4},"end":{"line":162,"column":41}},"58":{"start":{"line":163,"column":4},"end":{"line":163,"column":67}},"59":{"start":{"line":168,"column":0},"end":{"line":195,"column":2}},"60":{"start":{"line":169,"column":2},"end":{"line":194,"column":3}},"61":{"start":{"line":170,"column":17},"end":{"line":172,"column":29}},"62":{"start":{"line":174,"column":4},"end":{"line":176,"column":5}},"63":{"start":{"line":175,"column":6},"end":{"line":175,"column":65}},"64":{"start":{"line":178,"column":4},"end":{"line":190,"column":7}},"65":{"start":{"line":192,"column":4},"end":{"line":192,"column":47}},"66":{"start":{"line":193,"column":4},"end":{"line":193,"column":54}},"67":{"start":{"line":198,"column":0},"end":{"line":235,"column":2}},"68":{"start":{"line":199,"column":2},"end":{"line":234,"column":3}},"69":{"start":{"line":200,"column":22},"end":{"line":200,"column":30}},"70":{"start":{"line":202,"column":4},"end":{"line":204,"column":5}},"71":{"start":{"line":203,"column":6},"end":{"line":203,"column":68}},"72":{"start":{"line":207,"column":17},"end":{"line":207,"column":67}},"73":{"start":{"line":208,"column":4},"end":{"line":210,"column":5}},"74":{"start":{"line":209,"column":6},"end":{"line":209,"column":83}},"75":{"start":{"line":213,"column":4},"end":{"line":213,"column":57}},"76":{"start":{"line":216,"column":16},"end":{"line":216,"column":29}},"77":{"start":{"line":219,"column":4},"end":{"line":222,"column":7}},"78":{"start":{"line":225,"column":4},"end":{"line":225,"column":46}},"79":{"start":{"line":227,"column":4},"end":{"line":230,"column":7}},"80":{"start":{"line":232,"column":4},"end":{"line":232,"column":51}},"81":{"start":{"line":233,"column":4},"end":{"line":233,"column":96}},"82":{"start":{"line":238,"column":0},"end":{"line":279,"column":2}},"83":{"start":{"line":239,"column":2},"end":{"line":278,"column":3}},"84":{"start":{"line":240,"column":27},"end":{"line":240,"column":35}},"85":{"start":{"line":242,"column":4},"end":{"line":244,"column":5}},"86":{"start":{"line":243,"column":6},"end":{"line":243,"column":77}},"87":{"start":{"line":247,"column":22},"end":{"line":247,"column":71}},"88":{"start":{"line":249,"column":4},"end":{"line":251,"column":5}},"89":{"start":{"line":250,"column":6},"end":{"line":250,"column":102}},"90":{"start":{"line":254,"column":4},"end":{"line":257,"column":5}},"91":{"start":{"line":255,"column":6},"end":{"line":255,"column":58}},"92":{"start":{"line":256,"column":6},"end":{"line":256,"column":102}},"93":{"start":{"line":260,"column":4},"end":{"line":266,"column":5}},"94":{"start":{"line":261,"column":6},"end":{"line":261,"column":30}},"95":{"start":{"line":262,"column":6},"end":{"line":262,"column":29}},"96":{"start":{"line":263,"column":6},"end":{"line":265,"column":9}},"97":{"start":{"line":269,"column":4},"end":{"line":269,"column":56}},"98":{"start":{"line":271,"column":4},"end":{"line":274,"column":7}},"99":{"start":{"line":276,"column":4},"end":{"line":276,"column":46}},"100":{"start":{"line":277,"column":4},"end":{"line":277,"column":81}},"101":{"start":{"line":282,"column":0},"end":{"line":320,"column":2}},"102":{"start":{"line":283,"column":2},"end":{"line":319,"column":3}},"103":{"start":{"line":284,"column":35},"end":{"line":284,"column":43}},"104":{"start":{"line":286,"column":4},"end":{"line":288,"column":5}},"105":{"start":{"line":287,"column":6},"end":{"line":287,"column":86}},"106":{"start":{"line":291,"column":4},"end":{"line":293,"column":5}},"107":{"start":{"line":292,"column":6},"end":{"line":292,"column":94}},"108":{"start":{"line":295,"column":25},"end":{"line":295,"column":50}},"109":{"start":{"line":296,"column":25},"end":{"line":296,"column":50}},"110":{"start":{"line":297,"column":4},"end":{"line":299,"column":5}},"111":{"start":{"line":298,"column":6},"end":{"line":298,"column":109}},"112":{"start":{"line":302,"column":17},"end":{"line":302,"column":67}},"113":{"start":{"line":303,"column":4},"end":{"line":305,"column":5}},"114":{"start":{"line":304,"column":6},"end":{"line":304,"column":65}},"115":{"start":{"line":308,"column":17},"end":{"line":308,"column":41}},"116":{"start":{"line":309,"column":27},"end":{"line":309,"column":63}},"117":{"start":{"line":312,"column":4},"end":{"line":312,"column":35}},"118":{"start":{"line":313,"column":4},"end":{"line":313,"column":22}},"119":{"start":{"line":315,"column":4},"end":{"line":315,"column":100}},"120":{"start":{"line":317,"column":4},"end":{"line":317,"column":50}},"121":{"start":{"line":318,"column":4},"end":{"line":318,"column":85}}},"fnMap":{"0":{"name":"(anonymous_0)","decl":{"start":{"line":10,"column":19},"end":{"line":10,"column":20}},"loc":{"start":{"line":10,"column":39},"end":{"line":111,"column":1}},"line":10},"1":{"name":"(anonymous_1)","decl":{"start":{"line":114,"column":16},"end":{"line":114,"column":17}},"loc":{"start":{"line":114,"column":36},"end":{"line":165,"column":1}},"line":114},"2":{"name":"(anonymous_2)","decl":{"start":{"line":168,"column":21},"end":{"line":168,"column":22}},"loc":{"start":{"line":168,"column":41},"end":{"line":195,"column":1}},"line":168},"3":{"name":"(anonymous_3)","decl":{"start":{"line":198,"column":25},"end":{"line":198,"column":26}},"loc":{"start":{"line":198,"column":45},"end":{"line":235,"column":1}},"line":198},"4":{"name":"(anonymous_4)","decl":{"start":{"line":238,"column":20},"end":{"line":238,"column":21}},"loc":{"start":{"line":238,"column":40},"end":{"line":279,"column":1}},"line":238},"5":{"name":"(anonymous_5)","decl":{"start":{"line":282,"column":24},"end":{"line":282,"column":25}},"loc":{"start":{"line":282,"column":44},"end":{"line":320,"column":1}},"line":282}},"branchMap":{"0":{"loc":{"start":{"line":15,"column":4},"end":{"line":17,"column":5}},"type":"if","locations":[{"start":{"line":15,"column":4},"end":{"line":17,"column":5}},{"start":{},"end":{}}],"line":15},"1":{"loc":{"start":{"line":15,"column":8},"end":{"line":15,"column":69}},"type":"binary-expr","locations":[{"start":{"line":15,"column":8},"end":{"line":15,"column":13}},{"start":{"line":15,"column":17},"end":{"line":15,"column":23}},{"start":{"line":15,"column":27},"end":{"line":15,"column":36}},{"start":{"line":15,"column":40},"end":{"line":15,"column":52}},{"start":{"line":15,"column":56},"end":{"line":15,"column":69}}],"line":15},"2":{"loc":{"start":{"line":20,"column":4},"end":{"line":22,"column":5}},"type":"if","locations":[{"start":{"line":20,"column":4},"end":{"line":22,"column":5}},{"start":{},"end":{}}],"line":20},"3":{"loc":{"start":{"line":25,"column":4},"end":{"line":27,"column":5}},"type":"if","locations":[{"start":{"line":25,"column":4},"end":{"line":27,"column":5}},{"start":{},"end":{}}],"line":25},"4":{"loc":{"start":{"line":32,"column":4},"end":{"line":34,"column":5}},"type":"if","locations":[{"start":{"line":32,"column":4},"end":{"line":34,"column":5}},{"start":{},"end":{}}],"line":32},"5":{"loc":{"start":{"line":32,"column":8},"end":{"line":32,"column":38}},"type":"binary-expr","locations":[{"start":{"line":32,"column":8},"end":{"line":32,"column":21}},{"start":{"line":32,"column":25},"end":{"line":32,"column":38}}],"line":32},"6":{"loc":{"start":{"line":38,"column":4},"end":{"line":40,"column":5}},"type":"if","locations":[{"start":{"line":38,"column":4},"end":{"line":40,"column":5}},{"start":{},"end":{}}],"line":38},"7":{"loc":{"start":{"line":44,"column":4},"end":{"line":46,"column":5}},"type":"if","locations":[{"start":{"line":44,"column":4},"end":{"line":46,"column":5}},{"start":{},"end":{}}],"line":44},"8":{"loc":{"start":{"line":54,"column":4},"end":{"line":61,"column":5}},"type":"if","locations":[{"start":{"line":54,"column":4},"end":{"line":61,"column":5}},{"start":{},"end":{}}],"line":54},"9":{"loc":{"start":{"line":119,"column":4},"end":{"line":121,"column":5}},"type":"if","locations":[{"start":{"line":119,"column":4},"end":{"line":121,"column":5}},{"start":{},"end":{}}],"line":119},"10":{"loc":{"start":{"line":119,"column":8},"end":{"line":119,"column":27}},"type":"binary-expr","locations":[{"start":{"line":119,"column":8},"end":{"line":119,"column":14}},{"start":{"line":119,"column":18},"end":{"line":119,"column":27}}],"line":119},"11":{"loc":{"start":{"line":125,"column":4},"end":{"line":127,"column":5}},"type":"if","locations":[{"start":{"line":125,"column":4},"end":{"line":127,"column":5}},{"start":{},"end":{}}],"line":125},"12":{"loc":{"start":{"line":130,"column":4},"end":{"line":132,"column":5}},"type":"if","locations":[{"start":{"line":130,"column":4},"end":{"line":132,"column":5}},{"start":{},"end":{}}],"line":130},"13":{"loc":{"start":{"line":136,"column":4},"end":{"line":138,"column":5}},"type":"if","locations":[{"start":{"line":136,"column":4},"end":{"line":138,"column":5}},{"start":{},"end":{}}],"line":136},"14":{"loc":{"start":{"line":174,"column":4},"end":{"line":176,"column":5}},"type":"if","locations":[{"start":{"line":174,"column":4},"end":{"line":176,"column":5}},{"start":{},"end":{}}],"line":174},"15":{"loc":{"start":{"line":202,"column":4},"end":{"line":204,"column":5}},"type":"if","locations":[{"start":{"line":202,"column":4},"end":{"line":204,"column":5}},{"start":{},"end":{}}],"line":202},"16":{"loc":{"start":{"line":208,"column":4},"end":{"line":210,"column":5}},"type":"if","locations":[{"start":{"line":208,"column":4},"end":{"line":210,"column":5}},{"start":{},"end":{}}],"line":208},"17":{"loc":{"start":{"line":233,"column":36},"end":{"line":233,"column":92}},"type":"binary-expr","locations":[{"start":{"line":233,"column":36},"end":{"line":233,"column":49}},{"start":{"line":233,"column":53},"end":{"line":233,"column":92}}],"line":233},"18":{"loc":{"start":{"line":242,"column":4},"end":{"line":244,"column":5}},"type":"if","locations":[{"start":{"line":242,"column":4},"end":{"line":244,"column":5}},{"start":{},"end":{}}],"line":242},"19":{"loc":{"start":{"line":242,"column":8},"end":{"line":242,"column":22}},"type":"binary-expr","locations":[{"start":{"line":242,"column":8},"end":{"line":242,"column":14}},{"start":{"line":242,"column":18},"end":{"line":242,"column":22}}],"line":242},"20":{"loc":{"start":{"line":249,"column":4},"end":{"line":251,"column":5}},"type":"if","locations":[{"start":{"line":249,"column":4},"end":{"line":251,"column":5}},{"start":{},"end":{}}],"line":249},"21":{"loc":{"start":{"line":254,"column":4},"end":{"line":257,"column":5}},"type":"if","locations":[{"start":{"line":254,"column":4},"end":{"line":257,"column":5}},{"start":{},"end":{}}],"line":254},"22":{"loc":{"start":{"line":260,"column":4},"end":{"line":266,"column":5}},"type":"if","locations":[{"start":{"line":260,"column":4},"end":{"line":266,"column":5}},{"start":{},"end":{}}],"line":260},"23":{"loc":{"start":{"line":286,"column":4},"end":{"line":288,"column":5}},"type":"if","locations":[{"start":{"line":286,"column":4},"end":{"line":288,"column":5}},{"start":{},"end":{}}],"line":286},"24":{"loc":{"start":{"line":286,"column":8},"end":{"line":286,"column":30}},"type":"binary-expr","locations":[{"start":{"line":286,"column":8},"end":{"line":286,"column":14}},{"start":{"line":286,"column":18},"end":{"line":286,"column":30}}],"line":286},"25":{"loc":{"start":{"line":291,"column":4},"end":{"line":293,"column":5}},"type":"if","locations":[{"start":{"line":291,"column":4},"end":{"line":293,"column":5}},{"start":{},"end":{}}],"line":291},"26":{"loc":{"start":{"line":297,"column":4},"end":{"line":299,"column":5}},"type":"if","locations":[{"start":{"line":297,"column":4},"end":{"line":299,"column":5}},{"start":{},"end":{}}],"line":297},"27":{"loc":{"start":{"line":297,"column":8},"end":{"line":297,"column":38}},"type":"binary-expr","locations":[{"start":{"line":297,"column":8},"end":{"line":297,"column":21}},{"start":{"line":297,"column":25},"end":{"line":297,"column":38}}],"line":297},"28":{"loc":{"start":{"line":303,"column":4},"end":{"line":305,"column":5}},"type":"if","locations":[{"start":{"line":303,"column":4},"end":{"line":305,"column":5}},{"start":{},"end":{}}],"line":303}},"s":{"0":4,"1":4,"2":4,"3":4,"4":4,"5":4,"6":4,"7":4,"8":2,"9":2,"10":2,"11":0,"12":2,"13":1,"14":1,"15":0,"16":1,"17":1,"18":1,"19":0,"20":1,"21":1,"22":0,"23":1,"24":1,"25":0,"26":1,"27":1,"28":1,"29":1,"30":0,"31":0,"32":0,"33":0,"34":1,"35":1,"36":1,"37":1,"38":1,"39":1,"40":0,"41":0,"42":4,"43":3,"44":3,"45":3,"46":1,"47":2,"48":2,"49":0,"50":2,"51":0,"52":2,"53":2,"54":1,"55":1,"56":1,"57":0,"58":0,"59":4,"60":0,"61":0,"62":0,"63":0,"64":0,"65":0,"66":0,"67":4,"68":3,"69":3,"70":3,"71":0,"72":3,"73":3,"74":2,"75":1,"76":1,"77":1,"78":1,"79":1,"80":0,"81":0,"82":4,"83":1,"84":1,"85":1,"86":0,"87":1,"88":1,"89":0,"90":1,"91":0,"92":0,"93":1,"94":0,"95":0,"96":0,"97":1,"98":1,"99":0,"100":0,"101":4,"102":2,"103":2,"104":2,"105":0,"106":2,"107":0,"108":2,"109":2,"110":2,"111":0,"112":2,"113":2,"114":1,"115":1,"116":1,"117":1,"118":1,"119":1,"120":0,"121":0},"f":{"0":2,"1":3,"2":0,"3":3,"4":1,"5":2},"b":{"0":[0,2],"1":[2,2,2,2,2],"2":[1,1],"3":[0,1],"4":[0,1],"5":[1,1],"6":[0,1],"7":[0,1],"8":[0,1],"9":[1,2],"10":[3,3],"11":[0,2],"12":[0,2],"13":[1,1],"14":[0,0],"15":[0,3],"16":[2,1],"17":[0,0],"18":[0,1],"19":[1,1],"20":[0,1],"21":[0,1],"22":[0,1],"23":[0,2],"24":[2,2],"25":[0,2],"26":[0,2],"27":[2,2],"28":[1,1]},"_coverageSchema":"1a1c01bbd47fc00a2c39e90264f33305004495a9","hash":"0e17da929f2cbcf4b4ce1c635b509e7cd149d37f"}
,"D:\\raiyan\\dev\\sqa_project\\server\\controllers\\leaveController.js": {"path":"D:\\raiyan\\dev\\sqa_project\\server\\controllers\\leaveController.js","statementMap":{"0":{"start":{"line":1,"column":21},"end":{"line":1,"column":54}},"1":{"start":{"line":2,"column":24},"end":{"line":2,"column":60}},"2":{"start":{"line":3,"column":25},"end":{"line":3,"column":62}},"3":{"start":{"line":4,"column":13},"end":{"line":4,"column":38}},"4":{"start":{"line":5,"column":17},"end":{"line":5,"column":46}},"5":{"start":{"line":6,"column":31},"end":{"line":6,"column":67}},"6":{"start":{"line":12,"column":4},"end":{"line":12,"column":36}},"7":{"start":{"line":15,"column":0},"end":{"line":334,"column":2}},"8":{"start":{"line":16,"column":2},"end":{"line":333,"column":3}},"9":{"start":{"line":30,"column":8},"end":{"line":30,"column":16}},"10":{"start":{"line":33,"column":19},"end":{"line":33,"column":21}},"11":{"start":{"line":34,"column":4},"end":{"line":42,"column":5}},"12":{"start":{"line":35,"column":6},"end":{"line":39,"column":7}},"13":{"start":{"line":36,"column":8},"end":{"line":36,"column":50}},"14":{"start":{"line":38,"column":8},"end":{"line":38,"column":22}},"15":{"start":{"line":40,"column":11},"end":{"line":42,"column":5}},"16":{"start":{"line":41,"column":6},"end":{"line":41,"column":36}},"17":{"start":{"line":45,"column":4},"end":{"line":51,"column":5}},"18":{"start":{"line":46,"column":6},"end":{"line":50,"column":7}},"19":{"start":{"line":47,"column":8},"end":{"line":47,"column":64}},"20":{"start":{"line":49,"column":8},"end":{"line":49,"column":34}},"21":{"start":{"line":54,"column":4},"end":{"line":56,"column":5}},"22":{"start":{"line":55,"column":6},"end":{"line":55,"column":102}},"23":{"start":{"line":59,"column":18},"end":{"line":59,"column":37}},"24":{"start":{"line":60,"column":16},"end":{"line":60,"column":33}},"25":{"start":{"line":62,"column":4},"end":{"line":64,"column":5}},"26":{"start":{"line":63,"column":6},"end":{"line":63,"column":87}},"27":{"start":{"line":66,"column":24},"end":{"line":66,"column":87}},"28":{"start":{"line":67,"column":4},"end":{"line":69,"column":5}},"29":{"start":{"line":68,"column":6},"end":{"line":68,"column":65}},"30":{"start":{"line":72,"column":22},"end":{"line":85,"column":5}},"31":{"start":{"line":73,"column":24},"end":{"line":73,"column":38}},"32":{"start":{"line":74,"column":6},"end":{"line":74,"column":37}},"33":{"start":{"line":76,"column":6},"end":{"line":84,"column":9}},"34":{"start":{"line":77,"column":33},"end":{"line":77,"column":55}},"35":{"start":{"line":78,"column":8},"end":{"line":78,"column":46}},"36":{"start":{"line":79,"column":31},"end":{"line":79,"column":57}},"37":{"start":{"line":80,"column":8},"end":{"line":80,"column":84}},"38":{"start":{"line":81,"column":8},"end":{"line":81,"column":49}},"39":{"start":{"line":83,"column":8},"end":{"line":83,"column":76}},"40":{"start":{"line":88,"column":30},"end":{"line":128,"column":5}},"41":{"start":{"line":90,"column":20},"end":{"line":90,"column":39}},"42":{"start":{"line":91,"column":6},"end":{"line":91,"column":33}},"43":{"start":{"line":92,"column":18},"end":{"line":92,"column":35}},"44":{"start":{"line":93,"column":6},"end":{"line":93,"column":36}},"45":{"start":{"line":97,"column":26},"end":{"line":99,"column":8}},"46":{"start":{"line":102,"column":23},"end":{"line":111,"column":8}},"47":{"start":{"line":103,"column":29},"end":{"line":103,"column":51}},"48":{"start":{"line":104,"column":8},"end":{"line":104,"column":42}},"49":{"start":{"line":105,"column":27},"end":{"line":105,"column":49}},"50":{"start":{"line":106,"column":8},"end":{"line":106,"column":76}},"51":{"start":{"line":107,"column":8},"end":{"line":107,"column":45}},"52":{"start":{"line":110,"column":8},"end":{"line":110,"column":58}},"53":{"start":{"line":113,"column":18},"end":{"line":113,"column":19}},"54":{"start":{"line":114,"column":22},"end":{"line":114,"column":37}},"55":{"start":{"line":115,"column":6},"end":{"line":115,"column":35}},"56":{"start":{"line":117,"column":6},"end":{"line":125,"column":7}},"57":{"start":{"line":118,"column":26},"end":{"line":118,"column":42}},"58":{"start":{"line":121,"column":8},"end":{"line":123,"column":9}},"59":{"start":{"line":122,"column":10},"end":{"line":122,"column":18}},"60":{"start":{"line":124,"column":8},"end":{"line":124,"column":47}},"61":{"start":{"line":127,"column":6},"end":{"line":127,"column":19}},"62":{"start":{"line":130,"column":31},"end":{"line":130,"column":66}},"63":{"start":{"line":131,"column":22},"end":{"line":131,"column":90}},"64":{"start":{"line":134,"column":4},"end":{"line":138,"column":5}},"65":{"start":{"line":135,"column":6},"end":{"line":137,"column":9}},"66":{"start":{"line":141,"column":22},"end":{"line":141,"column":40}},"67":{"start":{"line":142,"column":4},"end":{"line":146,"column":5}},"68":{"start":{"line":143,"column":6},"end":{"line":145,"column":9}},"69":{"start":{"line":149,"column":21},"end":{"line":149,"column":92}},"70":{"start":{"line":151,"column":22},"end":{"line":151,"column":70}},"71":{"start":{"line":152,"column":17},"end":{"line":152,"column":60}},"72":{"start":{"line":153,"column":22},"end":{"line":153,"column":38}},"73":{"start":{"line":155,"column":4},"end":{"line":159,"column":5}},"74":{"start":{"line":156,"column":6},"end":{"line":158,"column":9}},"75":{"start":{"line":162,"column":4},"end":{"line":177,"column":5}},"76":{"start":{"line":163,"column":6},"end":{"line":165,"column":7}},"77":{"start":{"line":164,"column":8},"end":{"line":164,"column":99}},"78":{"start":{"line":168,"column":28},"end":{"line":168,"column":91}},"79":{"start":{"line":170,"column":6},"end":{"line":176,"column":7}},"80":{"start":{"line":171,"column":8},"end":{"line":175,"column":9}},"81":{"start":{"line":172,"column":10},"end":{"line":174,"column":13}},"82":{"start":{"line":173,"column":82},"end":{"line":173,"column":119}},"83":{"start":{"line":180,"column":27},"end":{"line":180,"column":31}},"84":{"start":{"line":181,"column":4},"end":{"line":188,"column":5}},"85":{"start":{"line":182,"column":6},"end":{"line":187,"column":7}},"86":{"start":{"line":183,"column":8},"end":{"line":183,"column":96}},"87":{"start":{"line":185,"column":8},"end":{"line":185,"column":67}},"88":{"start":{"line":186,"column":8},"end":{"line":186,"column":84}},"89":{"start":{"line":192,"column":29},"end":{"line":192,"column":31}},"90":{"start":{"line":193,"column":4},"end":{"line":208,"column":5}},"91":{"start":{"line":194,"column":6},"end":{"line":199,"column":10}},"92":{"start":{"line":194,"column":60},"end":{"line":199,"column":7}},"93":{"start":{"line":200,"column":11},"end":{"line":208,"column":5}},"94":{"start":{"line":202,"column":6},"end":{"line":207,"column":9}},"95":{"start":{"line":211,"column":26},"end":{"line":211,"column":55}},"96":{"start":{"line":212,"column":32},"end":{"line":212,"column":45}},"97":{"start":{"line":215,"column":27},"end":{"line":215,"column":53}},"98":{"start":{"line":218,"column":25},"end":{"line":236,"column":6}},"99":{"start":{"line":238,"column":4},"end":{"line":238,"column":30}},"100":{"start":{"line":241,"column":4},"end":{"line":315,"column":5}},"101":{"start":{"line":242,"column":32},"end":{"line":249,"column":9}},"102":{"start":{"line":242,"column":63},"end":{"line":249,"column":7}},"103":{"start":{"line":251,"column":6},"end":{"line":251,"column":59}},"104":{"start":{"line":254,"column":6},"end":{"line":271,"column":7}},"105":{"start":{"line":255,"column":8},"end":{"line":270,"column":9}},"106":{"start":{"line":256,"column":32},"end":{"line":256,"column":65}},"107":{"start":{"line":257,"column":10},"end":{"line":266,"column":11}},"108":{"start":{"line":258,"column":12},"end":{"line":265,"column":14}},"109":{"start":{"line":268,"column":10},"end":{"line":268,"column":79}},"110":{"start":{"line":274,"column":6},"end":{"line":314,"column":7}},"111":{"start":{"line":275,"column":8},"end":{"line":310,"column":9}},"112":{"start":{"line":277,"column":25},"end":{"line":277,"column":60}},"113":{"start":{"line":278,"column":10},"end":{"line":290,"column":11}},"114":{"start":{"line":279,"column":12},"end":{"line":289,"column":14}},"115":{"start":{"line":293,"column":26},"end":{"line":296,"column":12}},"116":{"start":{"line":298,"column":10},"end":{"line":309,"column":11}},"117":{"start":{"line":299,"column":12},"end":{"line":308,"column":14}},"118":{"start":{"line":312,"column":8},"end":{"line":312,"column":79}},"119":{"start":{"line":318,"column":23},"end":{"line":322,"column":6}},"120":{"start":{"line":324,"column":4},"end":{"line":324,"column":28}},"121":{"start":{"line":326,"column":4},"end":{"line":329,"column":7}},"122":{"start":{"line":331,"column":4},"end":{"line":331,"column":47}},"123":{"start":{"line":332,"column":4},"end":{"line":332,"column":54}},"124":{"start":{"line":337,"column":0},"end":{"line":350,"column":2}},"125":{"start":{"line":338,"column":2},"end":{"line":349,"column":3}},"126":{"start":{"line":339,"column":25},"end":{"line":343,"column":30}},"127":{"start":{"line":345,"column":4},"end":{"line":345,"column":31}},"128":{"start":{"line":347,"column":4},"end":{"line":347,"column":55}},"129":{"start":{"line":348,"column":4},"end":{"line":348,"column":54}},"130":{"start":{"line":353,"column":0},"end":{"line":369,"column":2}},"131":{"start":{"line":354,"column":2},"end":{"line":368,"column":3}},"132":{"start":{"line":355,"column":25},"end":{"line":362,"column":30}},"133":{"start":{"line":364,"column":4},"end":{"line":364,"column":31}},"134":{"start":{"line":366,"column":4},"end":{"line":366,"column":50}},"135":{"start":{"line":367,"column":4},"end":{"line":367,"column":54}},"136":{"start":{"line":372,"column":0},"end":{"line":389,"column":2}},"137":{"start":{"line":373,"column":2},"end":{"line":388,"column":3}},"138":{"start":{"line":374,"column":23},"end":{"line":374,"column":33}},"139":{"start":{"line":375,"column":25},"end":{"line":382,"column":30}},"140":{"start":{"line":384,"column":4},"end":{"line":384,"column":31}},"141":{"start":{"line":386,"column":4},"end":{"line":386,"column":54}},"142":{"start":{"line":387,"column":4},"end":{"line":387,"column":54}},"143":{"start":{"line":392,"column":0},"end":{"line":414,"column":2}},"144":{"start":{"line":393,"column":2},"end":{"line":413,"column":3}},"145":{"start":{"line":394,"column":24},"end":{"line":394,"column":56}},"146":{"start":{"line":396,"column":4},"end":{"line":398,"column":5}},"147":{"start":{"line":397,"column":6},"end":{"line":397,"column":65}},"148":{"start":{"line":400,"column":20},"end":{"line":407,"column":30}},"149":{"start":{"line":409,"column":4},"end":{"line":409,"column":26}},"150":{"start":{"line":411,"column":4},"end":{"line":411,"column":53}},"151":{"start":{"line":412,"column":4},"end":{"line":412,"column":54}},"152":{"start":{"line":417,"column":0},"end":{"line":467,"column":2}},"153":{"start":{"line":418,"column":2},"end":{"line":466,"column":3}},"154":{"start":{"line":419,"column":24},"end":{"line":419,"column":56}},"155":{"start":{"line":421,"column":4},"end":{"line":423,"column":5}},"156":{"start":{"line":422,"column":6},"end":{"line":422,"column":65}},"157":{"start":{"line":425,"column":16},"end":{"line":425,"column":18}},"158":{"start":{"line":427,"column":4},"end":{"line":453,"column":5}},"159":{"start":{"line":431,"column":29},"end":{"line":434,"column":22}},"160":{"start":{"line":435,"column":31},"end":{"line":435,"column":61}},"161":{"start":{"line":435,"column":55},"end":{"line":435,"column":60}},"162":{"start":{"line":437,"column":6},"end":{"line":443,"column":8}},"163":{"start":{"line":444,"column":11},"end":{"line":453,"column":5}},"164":{"start":{"line":446,"column":6},"end":{"line":450,"column":8}},"165":{"start":{"line":452,"column":6},"end":{"line":452,"column":70}},"166":{"start":{"line":455,"column":29},"end":{"line":460,"column":30}},"167":{"start":{"line":462,"column":4},"end":{"line":462,"column":35}},"168":{"start":{"line":464,"column":4},"end":{"line":464,"column":57}},"169":{"start":{"line":465,"column":4},"end":{"line":465,"column":54}},"170":{"start":{"line":470,"column":0},"end":{"line":649,"column":2}},"171":{"start":{"line":471,"column":2},"end":{"line":648,"column":3}},"172":{"start":{"line":472,"column":24},"end":{"line":472,"column":34}},"173":{"start":{"line":473,"column":32},"end":{"line":473,"column":40}},"174":{"start":{"line":475,"column":24},"end":{"line":475,"column":56}},"175":{"start":{"line":476,"column":4},"end":{"line":478,"column":5}},"176":{"start":{"line":477,"column":6},"end":{"line":477,"column":65}},"177":{"start":{"line":480,"column":25},"end":{"line":480,"column":61}},"178":{"start":{"line":481,"column":4},"end":{"line":483,"column":5}},"179":{"start":{"line":482,"column":6},"end":{"line":482,"column":74}},"180":{"start":{"line":485,"column":24},"end":{"line":485,"column":26}},"181":{"start":{"line":487,"column":4},"end":{"line":626,"column":5}},"182":{"start":{"line":488,"column":6},"end":{"line":574,"column":7}},"183":{"start":{"line":490,"column":8},"end":{"line":492,"column":9}},"184":{"start":{"line":491,"column":10},"end":{"line":491,"column":101}},"185":{"start":{"line":494,"column":8},"end":{"line":494,"column":42}},"186":{"start":{"line":495,"column":8},"end":{"line":495,"column":48}},"187":{"start":{"line":497,"column":8},"end":{"line":497,"column":42}},"188":{"start":{"line":500,"column":8},"end":{"line":520,"column":9}},"189":{"start":{"line":501,"column":25},"end":{"line":501,"column":60}},"190":{"start":{"line":502,"column":28},"end":{"line":502,"column":101}},"191":{"start":{"line":504,"column":10},"end":{"line":516,"column":11}},"192":{"start":{"line":505,"column":12},"end":{"line":515,"column":14}},"193":{"start":{"line":518,"column":10},"end":{"line":518,"column":77}},"194":{"start":{"line":521,"column":13},"end":{"line":574,"column":7}},"195":{"start":{"line":523,"column":8},"end":{"line":525,"column":9}},"196":{"start":{"line":524,"column":10},"end":{"line":524,"column":101}},"197":{"start":{"line":528,"column":8},"end":{"line":530,"column":9}},"198":{"start":{"line":529,"column":10},"end":{"line":529,"column":100}},"199":{"start":{"line":532,"column":8},"end":{"line":532,"column":41}},"200":{"start":{"line":533,"column":8},"end":{"line":533,"column":41}},"201":{"start":{"line":534,"column":8},"end":{"line":534,"column":47}},"202":{"start":{"line":535,"column":8},"end":{"line":535,"column":41}},"203":{"start":{"line":538,"column":25},"end":{"line":538,"column":67}},"204":{"start":{"line":539,"column":8},"end":{"line":571,"column":9}},"205":{"start":{"line":540,"column":23},"end":{"line":540,"column":138}},"206":{"start":{"line":541,"column":28},"end":{"line":541,"column":59}},"207":{"start":{"line":542,"column":27},"end":{"line":542,"column":98}},"208":{"start":{"line":545,"column":10},"end":{"line":547,"column":11}},"209":{"start":{"line":546,"column":12},"end":{"line":546,"column":55}},"210":{"start":{"line":549,"column":10},"end":{"line":549,"column":32}},"211":{"start":{"line":552,"column":10},"end":{"line":552,"column":45}},"212":{"start":{"line":555,"column":10},"end":{"line":570,"column":11}},"213":{"start":{"line":556,"column":12},"end":{"line":566,"column":13}},"214":{"start":{"line":557,"column":14},"end":{"line":565,"column":16}},"215":{"start":{"line":568,"column":12},"end":{"line":568,"column":84}},"216":{"start":{"line":573,"column":8},"end":{"line":573,"column":65}},"217":{"start":{"line":575,"column":11},"end":{"line":626,"column":5}},"218":{"start":{"line":577,"column":6},"end":{"line":598,"column":7}},"219":{"start":{"line":578,"column":8},"end":{"line":580,"column":9}},"220":{"start":{"line":579,"column":10},"end":{"line":579,"column":101}},"221":{"start":{"line":581,"column":8},"end":{"line":581,"column":41}},"222":{"start":{"line":582,"column":8},"end":{"line":582,"column":48}},"223":{"start":{"line":583,"column":8},"end":{"line":583,"column":42}},"224":{"start":{"line":586,"column":11},"end":{"line":598,"column":7}},"225":{"start":{"line":587,"column":8},"end":{"line":589,"column":9}},"226":{"start":{"line":588,"column":10},"end":{"line":588,"column":100}},"227":{"start":{"line":590,"column":8},"end":{"line":592,"column":9}},"228":{"start":{"line":591,"column":10},"end":{"line":591,"column":100}},"229":{"start":{"line":593,"column":8},"end":{"line":593,"column":41}},"230":{"start":{"line":594,"column":8},"end":{"line":594,"column":47}},"231":{"start":{"line":595,"column":8},"end":{"line":595,"column":41}},"232":{"start":{"line":597,"column":8},"end":{"line":597,"column":65}},"233":{"start":{"line":601,"column":6},"end":{"line":617,"column":7}},"234":{"start":{"line":602,"column":25},"end":{"line":602,"column":67}},"235":{"start":{"line":603,"column":8},"end":{"line":613,"column":9}},"236":{"start":{"line":604,"column":10},"end":{"line":612,"column":12}},"237":{"start":{"line":615,"column":8},"end":{"line":615,"column":79}},"238":{"start":{"line":620,"column":23},"end":{"line":620,"column":65}},"239":{"start":{"line":621,"column":6},"end":{"line":623,"column":7}},"240":{"start":{"line":622,"column":8},"end":{"line":622,"column":43}},"241":{"start":{"line":625,"column":6},"end":{"line":625,"column":65}},"242":{"start":{"line":628,"column":4},"end":{"line":628,"column":30}},"243":{"start":{"line":631,"column":23},"end":{"line":637,"column":6}},"244":{"start":{"line":639,"column":4},"end":{"line":639,"column":28}},"245":{"start":{"line":641,"column":4},"end":{"line":644,"column":7}},"246":{"start":{"line":646,"column":4},"end":{"line":646,"column":55}},"247":{"start":{"line":647,"column":4},"end":{"line":647,"column":54}},"248":{"start":{"line":652,"column":0},"end":{"line":665,"column":2}},"249":{"start":{"line":653,"column":2},"end":{"line":664,"column":3}},"250":{"start":{"line":654,"column":24},"end":{"line":654,"column":34}},"251":{"start":{"line":656,"column":17},"end":{"line":658,"column":29}},"252":{"start":{"line":660,"column":4},"end":{"line":660,"column":23}},"253":{"start":{"line":662,"column":4},"end":{"line":662,"column":58}},"254":{"start":{"line":663,"column":4},"end":{"line":663,"column":54}},"255":{"start":{"line":668,"column":0},"end":{"line":683,"column":2}},"256":{"start":{"line":669,"column":2},"end":{"line":682,"column":3}},"257":{"start":{"line":670,"column":30},"end":{"line":676,"column":30}},"258":{"start":{"line":678,"column":4},"end":{"line":678,"column":36}},"259":{"start":{"line":680,"column":4},"end":{"line":680,"column":58}},"260":{"start":{"line":681,"column":4},"end":{"line":681,"column":54}},"261":{"start":{"line":686,"column":0},"end":{"line":881,"column":2}},"262":{"start":{"line":687,"column":2},"end":{"line":880,"column":3}},"263":{"start":{"line":688,"column":35},"end":{"line":688,"column":45}},"264":{"start":{"line":689,"column":25},"end":{"line":689,"column":33}},"265":{"start":{"line":691,"column":4},"end":{"line":693,"column":5}},"266":{"start":{"line":692,"column":6},"end":{"line":692,"column":83}},"267":{"start":{"line":695,"column":29},"end":{"line":696,"column":31}},"268":{"start":{"line":698,"column":4},"end":{"line":700,"column":5}},"269":{"start":{"line":699,"column":6},"end":{"line":699,"column":78}},"270":{"start":{"line":702,"column":4},"end":{"line":704,"column":5}},"271":{"start":{"line":703,"column":6},"end":{"line":703,"column":63}},"272":{"start":{"line":706,"column":4},"end":{"line":708,"column":5}},"273":{"start":{"line":707,"column":6},"end":{"line":707,"column":93}},"274":{"start":{"line":711,"column":4},"end":{"line":711,"column":74}},"275":{"start":{"line":712,"column":4},"end":{"line":712,"column":46}},"276":{"start":{"line":713,"column":4},"end":{"line":713,"column":34}},"277":{"start":{"line":716,"column":25},"end":{"line":716,"column":54}},"278":{"start":{"line":717,"column":27},"end":{"line":719,"column":5}},"279":{"start":{"line":718,"column":13},"end":{"line":718,"column":63}},"280":{"start":{"line":721,"column":4},"end":{"line":871,"column":5}},"281":{"start":{"line":722,"column":6},"end":{"line":722,"column":74}},"282":{"start":{"line":723,"column":6},"end":{"line":723,"column":79}},"283":{"start":{"line":726,"column":6},"end":{"line":797,"column":7}},"284":{"start":{"line":728,"column":30},"end":{"line":728,"column":84}},"285":{"start":{"line":729,"column":30},"end":{"line":729,"column":76}},"286":{"start":{"line":732,"column":27},"end":{"line":738,"column":10}},"287":{"start":{"line":739,"column":8},"end":{"line":739,"column":32}},"288":{"start":{"line":742,"column":29},"end":{"line":744,"column":9}},"289":{"start":{"line":743,"column":17},"end":{"line":743,"column":43}},"290":{"start":{"line":745,"column":30},"end":{"line":747,"column":9}},"291":{"start":{"line":746,"column":17},"end":{"line":746,"column":38}},"292":{"start":{"line":750,"column":8},"end":{"line":796,"column":9}},"293":{"start":{"line":751,"column":10},"end":{"line":751,"column":51}},"294":{"start":{"line":752,"column":10},"end":{"line":752,"column":123}},"295":{"start":{"line":755,"column":10},"end":{"line":795,"column":11}},"296":{"start":{"line":756,"column":30},"end":{"line":756,"column":95}},"297":{"start":{"line":757,"column":12},"end":{"line":792,"column":13}},"298":{"start":{"line":758,"column":37},"end":{"line":758,"column":61}},"299":{"start":{"line":759,"column":14},"end":{"line":791,"column":15}},"300":{"start":{"line":760,"column":31},"end":{"line":760,"column":66}},"301":{"start":{"line":761,"column":16},"end":{"line":773,"column":17}},"302":{"start":{"line":762,"column":18},"end":{"line":772,"column":20}},"303":{"start":{"line":775,"column":32},"end":{"line":778,"column":18}},"304":{"start":{"line":779,"column":16},"end":{"line":790,"column":17}},"305":{"start":{"line":780,"column":18},"end":{"line":789,"column":20}},"306":{"start":{"line":794,"column":12},"end":{"line":794,"column":98}},"307":{"start":{"line":801,"column":6},"end":{"line":868,"column":7}},"308":{"start":{"line":802,"column":30},"end":{"line":804,"column":9}},"309":{"start":{"line":803,"column":17},"end":{"line":803,"column":38}},"310":{"start":{"line":806,"column":8},"end":{"line":867,"column":9}},"311":{"start":{"line":808,"column":10},"end":{"line":808,"column":51}},"312":{"start":{"line":811,"column":29},"end":{"line":817,"column":12}},"313":{"start":{"line":818,"column":10},"end":{"line":818,"column":34}},"314":{"start":{"line":821,"column":10},"end":{"line":866,"column":11}},"315":{"start":{"line":822,"column":30},"end":{"line":822,"column":95}},"316":{"start":{"line":823,"column":12},"end":{"line":862,"column":13}},"317":{"start":{"line":824,"column":37},"end":{"line":824,"column":61}},"318":{"start":{"line":826,"column":14},"end":{"line":861,"column":15}},"319":{"start":{"line":828,"column":31},"end":{"line":828,"column":66}},"320":{"start":{"line":829,"column":16},"end":{"line":841,"column":17}},"321":{"start":{"line":830,"column":18},"end":{"line":840,"column":20}},"322":{"start":{"line":844,"column":32},"end":{"line":847,"column":18}},"323":{"start":{"line":849,"column":16},"end":{"line":860,"column":17}},"324":{"start":{"line":850,"column":18},"end":{"line":859,"column":20}},"325":{"start":{"line":864,"column":12},"end":{"line":864,"column":83}},"326":{"start":{"line":870,"column":6},"end":{"line":870,"column":32}},"327":{"start":{"line":873,"column":4},"end":{"line":876,"column":7}},"328":{"start":{"line":878,"column":4},"end":{"line":878,"column":64}},"329":{"start":{"line":879,"column":4},"end":{"line":879,"column":54}},"330":{"start":{"line":884,"column":0},"end":{"line":975,"column":2}},"331":{"start":{"line":885,"column":2},"end":{"line":974,"column":3}},"332":{"start":{"line":886,"column":58},"end":{"line":886,"column":67}},"333":{"start":{"line":887,"column":22},"end":{"line":887,"column":42}},"334":{"start":{"line":890,"column":4},"end":{"line":892,"column":5}},"335":{"start":{"line":891,"column":6},"end":{"line":891,"column":90}},"336":{"start":{"line":895,"column":19},"end":{"line":895,"column":21}},"337":{"start":{"line":898,"column":4},"end":{"line":912,"column":5}},"338":{"start":{"line":899,"column":6},"end":{"line":899,"column":29}},"339":{"start":{"line":902,"column":6},"end":{"line":911,"column":7}},"340":{"start":{"line":903,"column":8},"end":{"line":910,"column":9}},"341":{"start":{"line":905,"column":10},"end":{"line":905,"column":38}},"342":{"start":{"line":906,"column":15},"end":{"line":910,"column":9}},"343":{"start":{"line":908,"column":10},"end":{"line":908,"column":39}},"344":{"start":{"line":909,"column":10},"end":{"line":909,"column":45}},"345":{"start":{"line":915,"column":4},"end":{"line":928,"column":5}},"346":{"start":{"line":917,"column":22},"end":{"line":917,"column":77}},"347":{"start":{"line":918,"column":6},"end":{"line":921,"column":7}},"348":{"start":{"line":919,"column":32},"end":{"line":919,"column":101}},"349":{"start":{"line":920,"column":8},"end":{"line":920,"column":67}},"350":{"start":{"line":920,"column":58},"end":{"line":920,"column":63}},"351":{"start":{"line":922,"column":11},"end":{"line":928,"column":5}},"352":{"start":{"line":924,"column":6},"end":{"line":927,"column":7}},"353":{"start":{"line":925,"column":32},"end":{"line":925,"column":91}},"354":{"start":{"line":926,"column":8},"end":{"line":926,"column":67}},"355":{"start":{"line":926,"column":58},"end":{"line":926,"column":63}},"356":{"start":{"line":931,"column":4},"end":{"line":944,"column":5}},"357":{"start":{"line":932,"column":24},"end":{"line":932,"column":38}},"358":{"start":{"line":934,"column":6},"end":{"line":943,"column":7}},"359":{"start":{"line":935,"column":27},"end":{"line":935,"column":42}},"360":{"start":{"line":936,"column":28},"end":{"line":936,"column":66}},"361":{"start":{"line":937,"column":26},"end":{"line":937,"column":77}},"362":{"start":{"line":938,"column":8},"end":{"line":938,"column":66}},"363":{"start":{"line":939,"column":13},"end":{"line":943,"column":7}},"364":{"start":{"line":940,"column":28},"end":{"line":940,"column":53}},"365":{"start":{"line":941,"column":26},"end":{"line":941,"column":70}},"366":{"start":{"line":942,"column":8},"end":{"line":942,"column":66}},"367":{"start":{"line":947,"column":25},"end":{"line":959,"column":17}},"368":{"start":{"line":962,"column":31},"end":{"line":965,"column":7}},"369":{"start":{"line":962,"column":56},"end":{"line":965,"column":5}},"370":{"start":{"line":967,"column":4},"end":{"line":970,"column":7}},"371":{"start":{"line":972,"column":4},"end":{"line":972,"column":61}},"372":{"start":{"line":973,"column":4},"end":{"line":973,"column":54}}},"fnMap":{"0":{"name":"(anonymous_0)","decl":{"start":{"line":15,"column":21},"end":{"line":15,"column":22}},"loc":{"start":{"line":15,"column":41},"end":{"line":334,"column":1}},"line":15},"1":{"name":"(anonymous_1)","decl":{"start":{"line":72,"column":22},"end":{"line":72,"column":23}},"loc":{"start":{"line":72,"column":46},"end":{"line":85,"column":5}},"line":72},"2":{"name":"(anonymous_2)","decl":{"start":{"line":76,"column":31},"end":{"line":76,"column":32}},"loc":{"start":{"line":76,"column":42},"end":{"line":84,"column":7}},"line":76},"3":{"name":"(anonymous_3)","decl":{"start":{"line":88,"column":30},"end":{"line":88,"column":31}},"loc":{"start":{"line":88,"column":60},"end":{"line":128,"column":5}},"line":88},"4":{"name":"(anonymous_4)","decl":{"start":{"line":102,"column":42},"end":{"line":102,"column":43}},"loc":{"start":{"line":102,"column":53},"end":{"line":111,"column":7}},"line":102},"5":{"name":"(anonymous_5)","decl":{"start":{"line":173,"column":77},"end":{"line":173,"column":78}},"loc":{"start":{"line":173,"column":82},"end":{"line":173,"column":119}},"line":173},"6":{"name":"(anonymous_6)","decl":{"start":{"line":194,"column":52},"end":{"line":194,"column":53}},"loc":{"start":{"line":194,"column":60},"end":{"line":199,"column":7}},"line":194},"7":{"name":"(anonymous_7)","decl":{"start":{"line":242,"column":55},"end":{"line":242,"column":56}},"loc":{"start":{"line":242,"column":63},"end":{"line":249,"column":7}},"line":242},"8":{"name":"(anonymous_8)","decl":{"start":{"line":337,"column":28},"end":{"line":337,"column":29}},"loc":{"start":{"line":337,"column":48},"end":{"line":350,"column":1}},"line":337},"9":{"name":"(anonymous_9)","decl":{"start":{"line":353,"column":23},"end":{"line":353,"column":24}},"loc":{"start":{"line":353,"column":43},"end":{"line":369,"column":1}},"line":353},"10":{"name":"(anonymous_10)","decl":{"start":{"line":372,"column":27},"end":{"line":372,"column":28}},"loc":{"start":{"line":372,"column":47},"end":{"line":389,"column":1}},"line":372},"11":{"name":"(anonymous_11)","decl":{"start":{"line":392,"column":26},"end":{"line":392,"column":27}},"loc":{"start":{"line":392,"column":46},"end":{"line":414,"column":1}},"line":392},"12":{"name":"(anonymous_12)","decl":{"start":{"line":417,"column":30},"end":{"line":417,"column":31}},"loc":{"start":{"line":417,"column":50},"end":{"line":467,"column":1}},"line":417},"13":{"name":"(anonymous_13)","decl":{"start":{"line":435,"column":50},"end":{"line":435,"column":51}},"loc":{"start":{"line":435,"column":55},"end":{"line":435,"column":60}},"line":435},"14":{"name":"(anonymous_14)","decl":{"start":{"line":470,"column":28},"end":{"line":470,"column":29}},"loc":{"start":{"line":470,"column":48},"end":{"line":649,"column":1}},"line":470},"15":{"name":"(anonymous_15)","decl":{"start":{"line":652,"column":30},"end":{"line":652,"column":31}},"loc":{"start":{"line":652,"column":50},"end":{"line":665,"column":1}},"line":652},"16":{"name":"(anonymous_16)","decl":{"start":{"line":668,"column":31},"end":{"line":668,"column":32}},"loc":{"start":{"line":668,"column":51},"end":{"line":683,"column":1}},"line":668},"17":{"name":"(anonymous_17)","decl":{"start":{"line":686,"column":36},"end":{"line":686,"column":37}},"loc":{"start":{"line":686,"column":56},"end":{"line":881,"column":1}},"line":686},"18":{"name":"(anonymous_18)","decl":{"start":{"line":718,"column":6},"end":{"line":718,"column":7}},"loc":{"start":{"line":718,"column":13},"end":{"line":718,"column":63}},"line":718},"19":{"name":"(anonymous_19)","decl":{"start":{"line":743,"column":10},"end":{"line":743,"column":11}},"loc":{"start":{"line":743,"column":17},"end":{"line":743,"column":43}},"line":743},"20":{"name":"(anonymous_20)","decl":{"start":{"line":746,"column":10},"end":{"line":746,"column":11}},"loc":{"start":{"line":746,"column":17},"end":{"line":746,"column":38}},"line":746},"21":{"name":"(anonymous_21)","decl":{"start":{"line":803,"column":10},"end":{"line":803,"column":11}},"loc":{"start":{"line":803,"column":17},"end":{"line":803,"column":38}},"line":803},"22":{"name":"(anonymous_22)","decl":{"start":{"line":884,"column":34},"end":{"line":884,"column":35}},"loc":{"start":{"line":884,"column":54},"end":{"line":975,"column":1}},"line":884},"23":{"name":"(anonymous_23)","decl":{"start":{"line":920,"column":53},"end":{"line":920,"column":54}},"loc":{"start":{"line":920,"column":58},"end":{"line":920,"column":63}},"line":920},"24":{"name":"(anonymous_24)","decl":{"start":{"line":926,"column":53},"end":{"line":926,"column":54}},"loc":{"start":{"line":926,"column":58},"end":{"line":926,"column":63}},"line":926},"25":{"name":"(anonymous_25)","decl":{"start":{"line":962,"column":48},"end":{"line":962,"column":49}},"loc":{"start":{"line":962,"column":56},"end":{"line":965,"column":5}},"line":962}},"branchMap":{"0":{"loc":{"start":{"line":34,"column":4},"end":{"line":42,"column":5}},"type":"if","locations":[{"start":{"line":34,"column":4},"end":{"line":42,"column":5}},{"start":{"line":40,"column":11},"end":{"line":42,"column":5}}],"line":34},"1":{"loc":{"start":{"line":40,"column":11},"end":{"line":42,"column":5}},"type":"if","locations":[{"start":{"line":40,"column":11},"end":{"line":42,"column":5}},{"start":{},"end":{}}],"line":40},"2":{"loc":{"start":{"line":45,"column":4},"end":{"line":51,"column":5}},"type":"if","locations":[{"start":{"line":45,"column":4},"end":{"line":51,"column":5}},{"start":{},"end":{}}],"line":45},"3":{"loc":{"start":{"line":54,"column":4},"end":{"line":56,"column":5}},"type":"if","locations":[{"start":{"line":54,"column":4},"end":{"line":56,"column":5}},{"start":{},"end":{}}],"line":54},"4":{"loc":{"start":{"line":54,"column":8},"end":{"line":54,"column":39}},"type":"binary-expr","locations":[{"start":{"line":54,"column":8},"end":{"line":54,"column":18}},{"start":{"line":54,"column":22},"end":{"line":54,"column":30}},{"start":{"line":54,"column":34},"end":{"line":54,"column":39}}],"line":54},"5":{"loc":{"start":{"line":62,"column":4},"end":{"line":64,"column":5}},"type":"if","locations":[{"start":{"line":62,"column":4},"end":{"line":64,"column":5}},{"start":{},"end":{}}],"line":62},"6":{"loc":{"start":{"line":67,"column":4},"end":{"line":69,"column":5}},"type":"if","locations":[{"start":{"line":67,"column":4},"end":{"line":69,"column":5}},{"start":{},"end":{}}],"line":67},"7":{"loc":{"start":{"line":83,"column":15},"end":{"line":83,"column":75}},"type":"binary-expr","locations":[{"start":{"line":83,"column":15},"end":{"line":83,"column":44}},{"start":{"line":83,"column":48},"end":{"line":83,"column":75}}],"line":83},"8":{"loc":{"start":{"line":110,"column":15},"end":{"line":110,"column":57}},"type":"binary-expr","locations":[{"start":{"line":110,"column":15},"end":{"line":110,"column":34}},{"start":{"line":110,"column":38},"end":{"line":110,"column":57}}],"line":110},"9":{"loc":{"start":{"line":121,"column":8},"end":{"line":123,"column":9}},"type":"if","locations":[{"start":{"line":121,"column":8},"end":{"line":123,"column":9}},{"start":{},"end":{}}],"line":121},"10":{"loc":{"start":{"line":121,"column":12},"end":{"line":121,"column":79}},"type":"binary-expr","locations":[{"start":{"line":121,"column":12},"end":{"line":121,"column":27}},{"start":{"line":121,"column":31},"end":{"line":121,"column":46}},{"start":{"line":121,"column":50},"end":{"line":121,"column":79}}],"line":121},"11":{"loc":{"start":{"line":131,"column":22},"end":{"line":131,"column":90}},"type":"cond-expr","locations":[{"start":{"line":131,"column":49},"end":{"line":131,"column":69}},{"start":{"line":131,"column":72},"end":{"line":131,"column":90}}],"line":131},"12":{"loc":{"start":{"line":134,"column":4},"end":{"line":138,"column":5}},"type":"if","locations":[{"start":{"line":134,"column":4},"end":{"line":138,"column":5}},{"start":{},"end":{}}],"line":134},"13":{"loc":{"start":{"line":142,"column":4},"end":{"line":146,"column":5}},"type":"if","locations":[{"start":{"line":142,"column":4},"end":{"line":146,"column":5}},{"start":{},"end":{}}],"line":142},"14":{"loc":{"start":{"line":142,"column":8},"end":{"line":142,"column":47}},"type":"binary-expr","locations":[{"start":{"line":142,"column":8},"end":{"line":142,"column":30}},{"start":{"line":142,"column":34},"end":{"line":142,"column":47}}],"line":142},"15":{"loc":{"start":{"line":149,"column":21},"end":{"line":149,"column":92}},"type":"cond-expr","locations":[{"start":{"line":149,"column":72},"end":{"line":149,"column":81}},{"start":{"line":149,"column":84},"end":{"line":149,"column":92}}],"line":149},"16":{"loc":{"start":{"line":149,"column":21},"end":{"line":149,"column":69}},"type":"binary-expr","locations":[{"start":{"line":149,"column":21},"end":{"line":149,"column":43}},{"start":{"line":149,"column":47},"end":{"line":149,"column":69}}],"line":149},"17":{"loc":{"start":{"line":151,"column":22},"end":{"line":151,"column":70}},"type":"binary-expr","locations":[{"start":{"line":151,"column":22},"end":{"line":151,"column":65}},{"start":{"line":151,"column":69},"end":{"line":151,"column":70}}],"line":151},"18":{"loc":{"start":{"line":152,"column":17},"end":{"line":152,"column":60}},"type":"binary-expr","locations":[{"start":{"line":152,"column":17},"end":{"line":152,"column":55}},{"start":{"line":152,"column":59},"end":{"line":152,"column":60}}],"line":152},"19":{"loc":{"start":{"line":155,"column":4},"end":{"line":159,"column":5}},"type":"if","locations":[{"start":{"line":155,"column":4},"end":{"line":159,"column":5}},{"start":{},"end":{}}],"line":155},"20":{"loc":{"start":{"line":162,"column":4},"end":{"line":177,"column":5}},"type":"if","locations":[{"start":{"line":162,"column":4},"end":{"line":177,"column":5}},{"start":{},"end":{}}],"line":162},"21":{"loc":{"start":{"line":163,"column":6},"end":{"line":165,"column":7}},"type":"if","locations":[{"start":{"line":163,"column":6},"end":{"line":165,"column":7}},{"start":{},"end":{}}],"line":163},"22":{"loc":{"start":{"line":163,"column":10},"end":{"line":163,"column":41}},"type":"binary-expr","locations":[{"start":{"line":163,"column":10},"end":{"line":163,"column":17}},{"start":{"line":163,"column":21},"end":{"line":163,"column":41}}],"line":163},"23":{"loc":{"start":{"line":168,"column":28},"end":{"line":168,"column":91}},"type":"binary-expr","locations":[{"start":{"line":168,"column":28},"end":{"line":168,"column":56}},{"start":{"line":168,"column":60},"end":{"line":168,"column":91}}],"line":168},"24":{"loc":{"start":{"line":170,"column":6},"end":{"line":176,"column":7}},"type":"if","locations":[{"start":{"line":170,"column":6},"end":{"line":176,"column":7}},{"start":{},"end":{}}],"line":170},"25":{"loc":{"start":{"line":171,"column":8},"end":{"line":175,"column":9}},"type":"if","locations":[{"start":{"line":171,"column":8},"end":{"line":175,"column":9}},{"start":{},"end":{}}],"line":171},"26":{"loc":{"start":{"line":171,"column":12},"end":{"line":171,"column":48}},"type":"binary-expr","locations":[{"start":{"line":171,"column":12},"end":{"line":171,"column":21}},{"start":{"line":171,"column":25},"end":{"line":171,"column":48}}],"line":171},"27":{"loc":{"start":{"line":173,"column":82},"end":{"line":173,"column":119}},"type":"binary-expr","locations":[{"start":{"line":173,"column":82},"end":{"line":173,"column":97}},{"start":{"line":173,"column":101},"end":{"line":173,"column":119}}],"line":173},"28":{"loc":{"start":{"line":181,"column":4},"end":{"line":188,"column":5}},"type":"if","locations":[{"start":{"line":181,"column":4},"end":{"line":188,"column":5}},{"start":{},"end":{}}],"line":181},"29":{"loc":{"start":{"line":193,"column":4},"end":{"line":208,"column":5}},"type":"if","locations":[{"start":{"line":193,"column":4},"end":{"line":208,"column":5}},{"start":{"line":200,"column":11},"end":{"line":208,"column":5}}],"line":193},"30":{"loc":{"start":{"line":200,"column":11},"end":{"line":208,"column":5}},"type":"if","locations":[{"start":{"line":200,"column":11},"end":{"line":208,"column":5}},{"start":{},"end":{}}],"line":200},"31":{"loc":{"start":{"line":221,"column":22},"end":{"line":221,"column":74}},"type":"binary-expr","locations":[{"start":{"line":221,"column":22},"end":{"line":221,"column":36}},{"start":{"line":221,"column":40},"end":{"line":221,"column":68}},{"start":{"line":221,"column":72},"end":{"line":221,"column":74}}],"line":221},"32":{"loc":{"start":{"line":222,"column":21},"end":{"line":222,"column":54}},"type":"binary-expr","locations":[{"start":{"line":222,"column":21},"end":{"line":222,"column":34}},{"start":{"line":222,"column":38},"end":{"line":222,"column":54}}],"line":222},"33":{"loc":{"start":{"line":223,"column":28},"end":{"line":223,"column":75}},"type":"binary-expr","locations":[{"start":{"line":223,"column":28},"end":{"line":223,"column":48}},{"start":{"line":223,"column":52},"end":{"line":223,"column":75}}],"line":223},"34":{"loc":{"start":{"line":224,"column":23},"end":{"line":224,"column":79}},"type":"cond-expr","locations":[{"start":{"line":224,"column":41},"end":{"line":224,"column":66}},{"start":{"line":224,"column":69},"end":{"line":224,"column":79}}],"line":224},"35":{"loc":{"start":{"line":230,"column":22},"end":{"line":230,"column":46}},"type":"binary-expr","locations":[{"start":{"line":230,"column":22},"end":{"line":230,"column":38}},{"start":{"line":230,"column":42},"end":{"line":230,"column":46}}],"line":230},"36":{"loc":{"start":{"line":235,"column":21},"end":{"line":235,"column":50}},"type":"cond-expr","locations":[{"start":{"line":235,"column":38},"end":{"line":235,"column":42}},{"start":{"line":235,"column":45},"end":{"line":235,"column":50}}],"line":235},"37":{"loc":{"start":{"line":241,"column":4},"end":{"line":315,"column":5}},"type":"if","locations":[{"start":{"line":241,"column":4},"end":{"line":315,"column":5}},{"start":{"line":272,"column":11},"end":{"line":315,"column":5}}],"line":241},"38":{"loc":{"start":{"line":257,"column":10},"end":{"line":266,"column":11}},"type":"if","locations":[{"start":{"line":257,"column":10},"end":{"line":266,"column":11}},{"start":{},"end":{}}],"line":257},"39":{"loc":{"start":{"line":257,"column":14},"end":{"line":257,"column":50}},"type":"binary-expr","locations":[{"start":{"line":257,"column":14},"end":{"line":257,"column":27}},{"start":{"line":257,"column":31},"end":{"line":257,"column":50}}],"line":257},"40":{"loc":{"start":{"line":275,"column":8},"end":{"line":310,"column":9}},"type":"if","locations":[{"start":{"line":275,"column":8},"end":{"line":310,"column":9}},{"start":{"line":291,"column":15},"end":{"line":310,"column":9}}],"line":275},"41":{"loc":{"start":{"line":278,"column":10},"end":{"line":290,"column":11}},"type":"if","locations":[{"start":{"line":278,"column":10},"end":{"line":290,"column":11}},{"start":{},"end":{}}],"line":278},"42":{"loc":{"start":{"line":278,"column":14},"end":{"line":278,"column":36}},"type":"binary-expr","locations":[{"start":{"line":278,"column":14},"end":{"line":278,"column":20}},{"start":{"line":278,"column":24},"end":{"line":278,"column":36}}],"line":278},"43":{"loc":{"start":{"line":284,"column":14},"end":{"line":284,"column":66}},"type":"binary-expr","locations":[{"start":{"line":284,"column":14},"end":{"line":284,"column":42}},{"start":{"line":284,"column":46},"end":{"line":284,"column":60}},{"start":{"line":284,"column":64},"end":{"line":284,"column":66}}],"line":284},"44":{"loc":{"start":{"line":298,"column":10},"end":{"line":309,"column":11}},"type":"if","locations":[{"start":{"line":298,"column":10},"end":{"line":309,"column":11}},{"start":{},"end":{}}],"line":298},"45":{"loc":{"start":{"line":298,"column":14},"end":{"line":298,"column":38}},"type":"binary-expr","locations":[{"start":{"line":298,"column":14},"end":{"line":298,"column":21}},{"start":{"line":298,"column":25},"end":{"line":298,"column":38}}],"line":298},"46":{"loc":{"start":{"line":396,"column":4},"end":{"line":398,"column":5}},"type":"if","locations":[{"start":{"line":396,"column":4},"end":{"line":398,"column":5}},{"start":{},"end":{}}],"line":396},"47":{"loc":{"start":{"line":421,"column":4},"end":{"line":423,"column":5}},"type":"if","locations":[{"start":{"line":421,"column":4},"end":{"line":423,"column":5}},{"start":{},"end":{}}],"line":421},"48":{"loc":{"start":{"line":427,"column":4},"end":{"line":453,"column":5}},"type":"if","locations":[{"start":{"line":427,"column":4},"end":{"line":453,"column":5}},{"start":{"line":444,"column":11},"end":{"line":453,"column":5}}],"line":427},"49":{"loc":{"start":{"line":444,"column":11},"end":{"line":453,"column":5}},"type":"if","locations":[{"start":{"line":444,"column":11},"end":{"line":453,"column":5}},{"start":{"line":451,"column":11},"end":{"line":453,"column":5}}],"line":444},"50":{"loc":{"start":{"line":476,"column":4},"end":{"line":478,"column":5}},"type":"if","locations":[{"start":{"line":476,"column":4},"end":{"line":478,"column":5}},{"start":{},"end":{}}],"line":476},"51":{"loc":{"start":{"line":481,"column":4},"end":{"line":483,"column":5}},"type":"if","locations":[{"start":{"line":481,"column":4},"end":{"line":483,"column":5}},{"start":{},"end":{}}],"line":481},"52":{"loc":{"start":{"line":487,"column":4},"end":{"line":626,"column":5}},"type":"if","locations":[{"start":{"line":487,"column":4},"end":{"line":626,"column":5}},{"start":{"line":575,"column":11},"end":{"line":626,"column":5}}],"line":487},"53":{"loc":{"start":{"line":488,"column":6},"end":{"line":574,"column":7}},"type":"if","locations":[{"start":{"line":488,"column":6},"end":{"line":574,"column":7}},{"start":{"line":521,"column":13},"end":{"line":574,"column":7}}],"line":488},"54":{"loc":{"start":{"line":490,"column":8},"end":{"line":492,"column":9}},"type":"if","locations":[{"start":{"line":490,"column":8},"end":{"line":492,"column":9}},{"start":{},"end":{}}],"line":490},"55":{"loc":{"start":{"line":495,"column":34},"end":{"line":495,"column":47}},"type":"binary-expr","locations":[{"start":{"line":495,"column":34},"end":{"line":495,"column":41}},{"start":{"line":495,"column":45},"end":{"line":495,"column":47}}],"line":495},"56":{"loc":{"start":{"line":504,"column":10},"end":{"line":516,"column":11}},"type":"if","locations":[{"start":{"line":504,"column":10},"end":{"line":516,"column":11}},{"start":{},"end":{}}],"line":504},"57":{"loc":{"start":{"line":504,"column":14},"end":{"line":504,"column":49}},"type":"binary-expr","locations":[{"start":{"line":504,"column":14},"end":{"line":504,"column":20}},{"start":{"line":504,"column":24},"end":{"line":504,"column":36}},{"start":{"line":504,"column":40},"end":{"line":504,"column":49}}],"line":504},"58":{"loc":{"start":{"line":510,"column":14},"end":{"line":510,"column":71}},"type":"binary-expr","locations":[{"start":{"line":510,"column":14},"end":{"line":510,"column":40}},{"start":{"line":510,"column":44},"end":{"line":510,"column":71}}],"line":510},"59":{"loc":{"start":{"line":521,"column":13},"end":{"line":574,"column":7}},"type":"if","locations":[{"start":{"line":521,"column":13},"end":{"line":574,"column":7}},{"start":{"line":572,"column":13},"end":{"line":574,"column":7}}],"line":521},"60":{"loc":{"start":{"line":523,"column":8},"end":{"line":525,"column":9}},"type":"if","locations":[{"start":{"line":523,"column":8},"end":{"line":525,"column":9}},{"start":{},"end":{}}],"line":523},"61":{"loc":{"start":{"line":528,"column":8},"end":{"line":530,"column":9}},"type":"if","locations":[{"start":{"line":528,"column":8},"end":{"line":530,"column":9}},{"start":{},"end":{}}],"line":528},"62":{"loc":{"start":{"line":534,"column":33},"end":{"line":534,"column":46}},"type":"binary-expr","locations":[{"start":{"line":534,"column":33},"end":{"line":534,"column":40}},{"start":{"line":534,"column":44},"end":{"line":534,"column":46}}],"line":534},"63":{"loc":{"start":{"line":539,"column":8},"end":{"line":571,"column":9}},"type":"if","locations":[{"start":{"line":539,"column":8},"end":{"line":571,"column":9}},{"start":{},"end":{}}],"line":539},"64":{"loc":{"start":{"line":540,"column":23},"end":{"line":540,"column":138}},"type":"binary-expr","locations":[{"start":{"line":540,"column":23},"end":{"line":540,"column":48}},{"start":{"line":540,"column":52},"end":{"line":540,"column":138}}],"line":540},"65":{"loc":{"start":{"line":542,"column":27},"end":{"line":542,"column":98}},"type":"cond-expr","locations":[{"start":{"line":542,"column":78},"end":{"line":542,"column":87}},{"start":{"line":542,"column":90},"end":{"line":542,"column":98}}],"line":542},"66":{"loc":{"start":{"line":542,"column":27},"end":{"line":542,"column":75}},"type":"binary-expr","locations":[{"start":{"line":542,"column":27},"end":{"line":542,"column":49}},{"start":{"line":542,"column":53},"end":{"line":542,"column":75}}],"line":542},"67":{"loc":{"start":{"line":545,"column":10},"end":{"line":547,"column":11}},"type":"if","locations":[{"start":{"line":545,"column":10},"end":{"line":547,"column":11}},{"start":{},"end":{}}],"line":545},"68":{"loc":{"start":{"line":556,"column":12},"end":{"line":566,"column":13}},"type":"if","locations":[{"start":{"line":556,"column":12},"end":{"line":566,"column":13}},{"start":{},"end":{}}],"line":556},"69":{"loc":{"start":{"line":564,"column":16},"end":{"line":564,"column":29}},"type":"binary-expr","locations":[{"start":{"line":564,"column":16},"end":{"line":564,"column":23}},{"start":{"line":564,"column":27},"end":{"line":564,"column":29}}],"line":564},"70":{"loc":{"start":{"line":575,"column":11},"end":{"line":626,"column":5}},"type":"if","locations":[{"start":{"line":575,"column":11},"end":{"line":626,"column":5}},{"start":{"line":624,"column":11},"end":{"line":626,"column":5}}],"line":575},"71":{"loc":{"start":{"line":577,"column":6},"end":{"line":598,"column":7}},"type":"if","locations":[{"start":{"line":577,"column":6},"end":{"line":598,"column":7}},{"start":{"line":586,"column":11},"end":{"line":598,"column":7}}],"line":577},"72":{"loc":{"start":{"line":578,"column":8},"end":{"line":580,"column":9}},"type":"if","locations":[{"start":{"line":578,"column":8},"end":{"line":580,"column":9}},{"start":{},"end":{}}],"line":578},"73":{"loc":{"start":{"line":582,"column":34},"end":{"line":582,"column":47}},"type":"binary-expr","locations":[{"start":{"line":582,"column":34},"end":{"line":582,"column":41}},{"start":{"line":582,"column":45},"end":{"line":582,"column":47}}],"line":582},"74":{"loc":{"start":{"line":586,"column":11},"end":{"line":598,"column":7}},"type":"if","locations":[{"start":{"line":586,"column":11},"end":{"line":598,"column":7}},{"start":{"line":596,"column":13},"end":{"line":598,"column":7}}],"line":586},"75":{"loc":{"start":{"line":587,"column":8},"end":{"line":589,"column":9}},"type":"if","locations":[{"start":{"line":587,"column":8},"end":{"line":589,"column":9}},{"start":{},"end":{}}],"line":587},"76":{"loc":{"start":{"line":590,"column":8},"end":{"line":592,"column":9}},"type":"if","locations":[{"start":{"line":590,"column":8},"end":{"line":592,"column":9}},{"start":{},"end":{}}],"line":590},"77":{"loc":{"start":{"line":594,"column":33},"end":{"line":594,"column":46}},"type":"binary-expr","locations":[{"start":{"line":594,"column":33},"end":{"line":594,"column":40}},{"start":{"line":594,"column":44},"end":{"line":594,"column":46}}],"line":594},"78":{"loc":{"start":{"line":603,"column":8},"end":{"line":613,"column":9}},"type":"if","locations":[{"start":{"line":603,"column":8},"end":{"line":613,"column":9}},{"start":{},"end":{}}],"line":603},"79":{"loc":{"start":{"line":603,"column":12},"end":{"line":603,"column":38}},"type":"binary-expr","locations":[{"start":{"line":603,"column":12},"end":{"line":603,"column":20}},{"start":{"line":603,"column":24},"end":{"line":603,"column":38}}],"line":603},"80":{"loc":{"start":{"line":611,"column":12},"end":{"line":611,"column":25}},"type":"binary-expr","locations":[{"start":{"line":611,"column":12},"end":{"line":611,"column":19}},{"start":{"line":611,"column":23},"end":{"line":611,"column":25}}],"line":611},"81":{"loc":{"start":{"line":621,"column":6},"end":{"line":623,"column":7}},"type":"if","locations":[{"start":{"line":621,"column":6},"end":{"line":623,"column":7}},{"start":{},"end":{}}],"line":621},"82":{"loc":{"start":{"line":636,"column":13},"end":{"line":636,"column":26}},"type":"binary-expr","locations":[{"start":{"line":636,"column":13},"end":{"line":636,"column":20}},{"start":{"line":636,"column":24},"end":{"line":636,"column":26}}],"line":636},"83":{"loc":{"start":{"line":691,"column":4},"end":{"line":693,"column":5}},"type":"if","locations":[{"start":{"line":691,"column":4},"end":{"line":693,"column":5}},{"start":{},"end":{}}],"line":691},"84":{"loc":{"start":{"line":691,"column":8},"end":{"line":691,"column":56}},"type":"binary-expr","locations":[{"start":{"line":691,"column":8},"end":{"line":691,"column":17}},{"start":{"line":691,"column":21},"end":{"line":691,"column":56}}],"line":691},"85":{"loc":{"start":{"line":698,"column":4},"end":{"line":700,"column":5}},"type":"if","locations":[{"start":{"line":698,"column":4},"end":{"line":700,"column":5}},{"start":{},"end":{}}],"line":698},"86":{"loc":{"start":{"line":702,"column":4},"end":{"line":704,"column":5}},"type":"if","locations":[{"start":{"line":702,"column":4},"end":{"line":704,"column":5}},{"start":{},"end":{}}],"line":702},"87":{"loc":{"start":{"line":706,"column":4},"end":{"line":708,"column":5}},"type":"if","locations":[{"start":{"line":706,"column":4},"end":{"line":708,"column":5}},{"start":{},"end":{}}],"line":706},"88":{"loc":{"start":{"line":711,"column":30},"end":{"line":711,"column":73}},"type":"cond-expr","locations":[{"start":{"line":711,"column":50},"end":{"line":711,"column":60}},{"start":{"line":711,"column":63},"end":{"line":711,"column":73}}],"line":711},"89":{"loc":{"start":{"line":721,"column":4},"end":{"line":871,"column":5}},"type":"if","locations":[{"start":{"line":721,"column":4},"end":{"line":871,"column":5}},{"start":{},"end":{}}],"line":721},"90":{"loc":{"start":{"line":726,"column":6},"end":{"line":797,"column":7}},"type":"if","locations":[{"start":{"line":726,"column":6},"end":{"line":797,"column":7}},{"start":{},"end":{}}],"line":726},"91":{"loc":{"start":{"line":729,"column":30},"end":{"line":729,"column":76}},"type":"binary-expr","locations":[{"start":{"line":729,"column":30},"end":{"line":729,"column":49}},{"start":{"line":729,"column":53},"end":{"line":729,"column":76}}],"line":729},"92":{"loc":{"start":{"line":750,"column":8},"end":{"line":796,"column":9}},"type":"if","locations":[{"start":{"line":750,"column":8},"end":{"line":796,"column":9}},{"start":{},"end":{}}],"line":750},"93":{"loc":{"start":{"line":750,"column":12},"end":{"line":750,"column":78}},"type":"binary-expr","locations":[{"start":{"line":750,"column":12},"end":{"line":750,"column":24}},{"start":{"line":750,"column":28},"end":{"line":750,"column":42}},{"start":{"line":750,"column":46},"end":{"line":750,"column":78}}],"line":750},"94":{"loc":{"start":{"line":757,"column":12},"end":{"line":792,"column":13}},"type":"if","locations":[{"start":{"line":757,"column":12},"end":{"line":792,"column":13}},{"start":{},"end":{}}],"line":757},"95":{"loc":{"start":{"line":759,"column":14},"end":{"line":791,"column":15}},"type":"if","locations":[{"start":{"line":759,"column":14},"end":{"line":791,"column":15}},{"start":{"line":774,"column":21},"end":{"line":791,"column":15}}],"line":759},"96":{"loc":{"start":{"line":761,"column":16},"end":{"line":773,"column":17}},"type":"if","locations":[{"start":{"line":761,"column":16},"end":{"line":773,"column":17}},{"start":{},"end":{}}],"line":761},"97":{"loc":{"start":{"line":761,"column":20},"end":{"line":761,"column":42}},"type":"binary-expr","locations":[{"start":{"line":761,"column":20},"end":{"line":761,"column":26}},{"start":{"line":761,"column":30},"end":{"line":761,"column":42}}],"line":761},"98":{"loc":{"start":{"line":767,"column":20},"end":{"line":767,"column":83}},"type":"binary-expr","locations":[{"start":{"line":767,"column":20},"end":{"line":767,"column":46}},{"start":{"line":767,"column":50},"end":{"line":767,"column":77}},{"start":{"line":767,"column":81},"end":{"line":767,"column":83}}],"line":767},"99":{"loc":{"start":{"line":779,"column":16},"end":{"line":790,"column":17}},"type":"if","locations":[{"start":{"line":779,"column":16},"end":{"line":790,"column":17}},{"start":{},"end":{}}],"line":779},"100":{"loc":{"start":{"line":779,"column":20},"end":{"line":779,"column":44}},"type":"binary-expr","locations":[{"start":{"line":779,"column":20},"end":{"line":779,"column":27}},{"start":{"line":779,"column":31},"end":{"line":779,"column":44}}],"line":779},"101":{"loc":{"start":{"line":801,"column":6},"end":{"line":868,"column":7}},"type":"if","locations":[{"start":{"line":801,"column":6},"end":{"line":868,"column":7}},{"start":{},"end":{}}],"line":801},"102":{"loc":{"start":{"line":806,"column":8},"end":{"line":867,"column":9}},"type":"if","locations":[{"start":{"line":806,"column":8},"end":{"line":867,"column":9}},{"start":{},"end":{}}],"line":806},"103":{"loc":{"start":{"line":823,"column":12},"end":{"line":862,"column":13}},"type":"if","locations":[{"start":{"line":823,"column":12},"end":{"line":862,"column":13}},{"start":{},"end":{}}],"line":823},"104":{"loc":{"start":{"line":826,"column":14},"end":{"line":861,"column":15}},"type":"if","locations":[{"start":{"line":826,"column":14},"end":{"line":861,"column":15}},{"start":{"line":842,"column":21},"end":{"line":861,"column":15}}],"line":826},"105":{"loc":{"start":{"line":829,"column":16},"end":{"line":841,"column":17}},"type":"if","locations":[{"start":{"line":829,"column":16},"end":{"line":841,"column":17}},{"start":{},"end":{}}],"line":829},"106":{"loc":{"start":{"line":829,"column":20},"end":{"line":829,"column":42}},"type":"binary-expr","locations":[{"start":{"line":829,"column":20},"end":{"line":829,"column":26}},{"start":{"line":829,"column":30},"end":{"line":829,"column":42}}],"line":829},"107":{"loc":{"start":{"line":835,"column":20},"end":{"line":835,"column":83}},"type":"binary-expr","locations":[{"start":{"line":835,"column":20},"end":{"line":835,"column":46}},{"start":{"line":835,"column":50},"end":{"line":835,"column":77}},{"start":{"line":835,"column":81},"end":{"line":835,"column":83}}],"line":835},"108":{"loc":{"start":{"line":849,"column":16},"end":{"line":860,"column":17}},"type":"if","locations":[{"start":{"line":849,"column":16},"end":{"line":860,"column":17}},{"start":{},"end":{}}],"line":849},"109":{"loc":{"start":{"line":849,"column":20},"end":{"line":849,"column":44}},"type":"binary-expr","locations":[{"start":{"line":849,"column":20},"end":{"line":849,"column":27}},{"start":{"line":849,"column":31},"end":{"line":849,"column":44}}],"line":849},"110":{"loc":{"start":{"line":874,"column":36},"end":{"line":874,"column":79}},"type":"cond-expr","locations":[{"start":{"line":874,"column":56},"end":{"line":874,"column":66}},{"start":{"line":874,"column":69},"end":{"line":874,"column":79}}],"line":874},"111":{"loc":{"start":{"line":887,"column":22},"end":{"line":887,"column":42}},"type":"binary-expr","locations":[{"start":{"line":887,"column":22},"end":{"line":887,"column":36}},{"start":{"line":887,"column":40},"end":{"line":887,"column":42}}],"line":887},"112":{"loc":{"start":{"line":890,"column":4},"end":{"line":892,"column":5}},"type":"if","locations":[{"start":{"line":890,"column":4},"end":{"line":892,"column":5}},{"start":{},"end":{}}],"line":890},"113":{"loc":{"start":{"line":890,"column":8},"end":{"line":890,"column":63}},"type":"binary-expr","locations":[{"start":{"line":890,"column":8},"end":{"line":890,"column":34}},{"start":{"line":890,"column":38},"end":{"line":890,"column":63}}],"line":890},"114":{"loc":{"start":{"line":898,"column":4},"end":{"line":912,"column":5}},"type":"if","locations":[{"start":{"line":898,"column":4},"end":{"line":912,"column":5}},{"start":{},"end":{}}],"line":898},"115":{"loc":{"start":{"line":898,"column":8},"end":{"line":898,"column":34}},"type":"binary-expr","locations":[{"start":{"line":898,"column":8},"end":{"line":898,"column":14}},{"start":{"line":898,"column":18},"end":{"line":898,"column":34}}],"line":898},"116":{"loc":{"start":{"line":902,"column":6},"end":{"line":911,"column":7}},"type":"if","locations":[{"start":{"line":902,"column":6},"end":{"line":911,"column":7}},{"start":{},"end":{}}],"line":902},"117":{"loc":{"start":{"line":903,"column":8},"end":{"line":910,"column":9}},"type":"if","locations":[{"start":{"line":903,"column":8},"end":{"line":910,"column":9}},{"start":{"line":906,"column":15},"end":{"line":910,"column":9}}],"line":903},"118":{"loc":{"start":{"line":906,"column":15},"end":{"line":910,"column":9}},"type":"if","locations":[{"start":{"line":906,"column":15},"end":{"line":910,"column":9}},{"start":{},"end":{}}],"line":906},"119":{"loc":{"start":{"line":906,"column":19},"end":{"line":906,"column":73}},"type":"binary-expr","locations":[{"start":{"line":906,"column":19},"end":{"line":906,"column":44}},{"start":{"line":906,"column":48},"end":{"line":906,"column":73}}],"line":906},"120":{"loc":{"start":{"line":915,"column":4},"end":{"line":928,"column":5}},"type":"if","locations":[{"start":{"line":915,"column":4},"end":{"line":928,"column":5}},{"start":{"line":922,"column":11},"end":{"line":928,"column":5}}],"line":915},"121":{"loc":{"start":{"line":915,"column":8},"end":{"line":915,"column":62}},"type":"binary-expr","locations":[{"start":{"line":915,"column":8},"end":{"line":915,"column":33}},{"start":{"line":915,"column":37},"end":{"line":915,"column":62}}],"line":915},"122":{"loc":{"start":{"line":918,"column":6},"end":{"line":921,"column":7}},"type":"if","locations":[{"start":{"line":918,"column":6},"end":{"line":921,"column":7}},{"start":{},"end":{}}],"line":918},"123":{"loc":{"start":{"line":918,"column":10},"end":{"line":918,"column":39}},"type":"binary-expr","locations":[{"start":{"line":918,"column":10},"end":{"line":918,"column":17}},{"start":{"line":918,"column":21},"end":{"line":918,"column":39}}],"line":918},"124":{"loc":{"start":{"line":922,"column":11},"end":{"line":928,"column":5}},"type":"if","locations":[{"start":{"line":922,"column":11},"end":{"line":928,"column":5}},{"start":{},"end":{}}],"line":922},"125":{"loc":{"start":{"line":924,"column":6},"end":{"line":927,"column":7}},"type":"if","locations":[{"start":{"line":924,"column":6},"end":{"line":927,"column":7}},{"start":{},"end":{}}],"line":924},"126":{"loc":{"start":{"line":924,"column":10},"end":{"line":924,"column":48}},"type":"binary-expr","locations":[{"start":{"line":924,"column":10},"end":{"line":924,"column":22}},{"start":{"line":924,"column":26},"end":{"line":924,"column":48}}],"line":924},"127":{"loc":{"start":{"line":931,"column":4},"end":{"line":944,"column":5}},"type":"if","locations":[{"start":{"line":931,"column":4},"end":{"line":944,"column":5}},{"start":{},"end":{}}],"line":931},"128":{"loc":{"start":{"line":931,"column":8},"end":{"line":931,"column":22}},"type":"binary-expr","locations":[{"start":{"line":931,"column":8},"end":{"line":931,"column":14}},{"start":{"line":931,"column":18},"end":{"line":931,"column":22}}],"line":931},"129":{"loc":{"start":{"line":934,"column":6},"end":{"line":943,"column":7}},"type":"if","locations":[{"start":{"line":934,"column":6},"end":{"line":943,"column":7}},{"start":{"line":939,"column":13},"end":{"line":943,"column":7}}],"line":934},"130":{"loc":{"start":{"line":934,"column":10},"end":{"line":934,"column":39}},"type":"binary-expr","locations":[{"start":{"line":934,"column":10},"end":{"line":934,"column":30}},{"start":{"line":934,"column":34},"end":{"line":934,"column":39}}],"li
[...]
,"D:\\raiyan\\dev\\sqa_project\\server\\routes\\authRoutes.js": {"path":"D:\\raiyan\\dev\\sqa_project\\server\\routes\\authRoutes.js","statementMap":{"0":{"start":{"line":1,"column":16},"end":{"line":1,"column":34}},"1":{"start":{"line":2,"column":15},"end":{"line":2,"column":31}},"2":{"start":{"line":3,"column":23},"end":{"line":3,"column":63}},"3":{"start":{"line":4,"column":23},"end":{"line":4,"column":62}},"4":{"start":{"line":5,"column":15},"end":{"line":5,"column":46}},"5":{"start":{"line":8,"column":0},"end":{"line":8,"column":79}},"6":{"start":{"line":9,"column":0},"end":{"line":9,"column":44}},"7":{"start":{"line":10,"column":0},"end":{"line":10,"column":63}},"8":{"start":{"line":11,"column":0},"end":{"line":11,"column":53}},"9":{"start":{"line":12,"column":0},"end":{"line":12,"column":61}},"10":{"start":{"line":15,"column":0},"end":{"line":15,"column":66}},"11":{"start":{"line":17,"column":0},"end":{"line":17,"column":24}}},"fnMap":{},"branchMap":{},"s":{"0":1,"1":1,"2":1,"3":1,"4":1,"5":1,"6":1,"7":1,"8":1,"9":1,"10":1,"11":1},"f":{},"b":{},"_coverageSchema":"1a1c01bbd47fc00a2c39e90264f33305004495a9","hash":"2c2620cb43178256fe9f3e264e9e08652197bf79"}
,"D:\\raiyan\\dev\\sqa_project\\server\\routes\\userRoutes.js": {"path":"D:\\raiyan\\dev\\sqa_project\\server\\routes\\userRoutes.js","statementMap":{"0":{"start":{"line":1,"column":16},"end":{"line":1,"column":34}},"1":{"start":{"line":2,"column":15},"end":{"line":2,"column":31}},"2":{"start":{"line":3,"column":23},"end":{"line":3,"column":63}},"3":{"start":{"line":4,"column":23},"end":{"line":4,"column":63}},"4":{"start":{"line":5,"column":23},"end":{"line":5,"column":62}},"5":{"start":{"line":6,"column":15},"end":{"line":6,"column":46}},"6":{"start":{"line":11,"column":0},"end":{"line":11,"column":69}},"7":{"start":{"line":16,"column":0},"end":{"line":16,"column":92}},"8":{"start":{"line":21,"column":0},"end":{"line":21,"column":77}},"9":{"start":{"line":26,"column":0},"end":{"line":26,"column":87}},"10":{"start":{"line":31,"column":0},"end":{"line":31,"column":105}},"11":{"start":{"line":36,"column":0},"end":{"line":36,"column":90}},"12":{"start":{"line":38,"column":0},"end":{"line":38,"column":85}},"13":{"start":{"line":43,"column":0},"end":{"line":43,"column":87}},"14":{"start":{"line":48,"column":0},"end":{"line":48,"column":63}},"15":{"start":{"line":53,"column":0},"end":{"line":53,"column":98}},"16":{"start":{"line":58,"column":0},"end":{"line":58,"column":78}},"17":{"start":{"line":60,"column":0},"end":{"line":60,"column":24}}},"fnMap":{},"branchMap":{},"s":{"0":1,"1":1,"2":1,"3":1,"4":1,"5":1,"6":1,"7":1,"8":1,"9":1,"10":1,"11":1,"12":1,"13":1,"14":1,"15":1,"16":1,"17":1},"f":{},"b":{},"_coverageSchema":"1a1c01bbd47fc00a2c39e90264f33305004495a9","hash":"b5a2d717f670877b311900711ec6473ec6a2e3f3"}
,"D:\\raiyan\\dev\\sqa_project\\server\\utils\\cloudinaryUpload.js": {"path":"D:\\raiyan\\dev\\sqa_project\\server\\utils\\cloudinaryUpload.js","statementMap":{"0":{"start":{"line":1,"column":19},"end":{"line":1,"column":50}},"1":{"start":{"line":2,"column":20},"end":{"line":2,"column":42}},"2":{"start":{"line":10,"column":27},"end":{"line":32,"column":1}},"3":{"start":{"line":11,"column":2},"end":{"line":31,"column":5}},"4":{"start":{"line":12,"column":25},"end":{"line":28,"column":5}},"5":{"start":{"line":22,"column":8},"end":{"line":26,"column":9}},"6":{"start":{"line":23,"column":10},"end":{"line":23,"column":24}},"7":{"start":{"line":25,"column":10},"end":{"line":25,"column":37}},"8":{"start":{"line":30,"column":4},"end":{"line":30,"column":64}},"9":{"start":{"line":39,"column":29},"end":{"line":52,"column":1}},"10":{"start":{"line":40,"column":2},"end":{"line":51,"column":3}},"11":{"start":{"line":42,"column":21},"end":{"line":42,"column":40}},"12":{"start":{"line":43,"column":26},"end":{"line":43,"column":54}},"13":{"start":{"line":44,"column":21},"end":{"line":44,"column":59}},"14":{"start":{"line":46,"column":19},"end":{"line":46,"column":62}},"15":{"start":{"line":47,"column":4},"end":{"line":47,"column":18}},"16":{"start":{"line":49,"column":4},"end":{"line":49,"column":55}},"17":{"start":{"line":50,"column":4},"end":{"line":50,"column":16}},"18":{"start":{"line":54,"column":0},"end":{"line":57,"column":2}}},"fnMap":{"0":{"name":"(anonymous_0)","decl":{"start":{"line":10,"column":27},"end":{"line":10,"column":28}},"loc":{"start":{"line":10,"column":69},"end":{"line":32,"column":1}},"line":10},"1":{"name":"(anonymous_1)","decl":{"start":{"line":11,"column":21},"end":{"line":11,"column":22}},"loc":{"start":{"line":11,"column":42},"end":{"line":31,"column":3}},"line":11},"2":{"name":"(anonymous_2)","decl":{"start":{"line":21,"column":6},"end":{"line":21,"column":7}},"loc":{"start":{"line":21,"column":25},"end":{"line":27,"column":7}},"line":21},"3":{"name":"(anonymous_3)","decl":{"start":{"line":39,"column":29},"end":{"line":39,"column":30}},"loc":{"start":{"line":39,"column":49},"end":{"line":52,"column":1}},"line":39}},"branchMap":{"0":{"loc":{"start":{"line":10,"column":40},"end":{"line":10,"column":64}},"type":"default-arg","locations":[{"start":{"line":10,"column":49},"end":{"line":10,"column":64}}],"line":10},"1":{"loc":{"start":{"line":22,"column":8},"end":{"line":26,"column":9}},"type":"if","locations":[{"start":{"line":22,"column":8},"end":{"line":26,"column":9}},{"start":{"line":24,"column":15},"end":{"line":26,"column":9}}],"line":22}},"s":{"0":2,"1":2,"2":2,"3":0,"4":0,"5":0,"6":0,"7":0,"8":0,"9":2,"10":0,"11":0,"12":0,"13":0,"14":0,"15":0,"16":0,"17":0,"18":2},"f":{"0":0,"1":0,"2":0,"3":0},"b":{"0":[0],"1":[0,0]},"_coverageSchema":"1a1c01bbd47fc00a2c39e90264f33305004495a9","hash":"fb5dcada08b1aaf43e8e0b4e288822c107a5f548"}
,"D:\\raiyan\\dev\\sqa_project\\server\\utils\\emailService.js": {"path":"D:\\raiyan\\dev\\sqa_project\\server\\utils\\emailService.js","statementMap":{"0":{"start":{"line":1,"column":19},"end":{"line":1,"column":40}},"1":{"start":{"line":4,"column":20},"end":{"line":10,"column":2}},"2":{"start":{"line":18,"column":21},"end":{"line":84,"column":1}},"3":{"start":{"line":19,"column":2},"end":{"line":83,"column":3}},"4":{"start":{"line":20,"column":24},"end":{"line":75,"column":5}},"5":{"start":{"line":77,"column":17},"end":{"line":77,"column":56}},"6":{"start":{"line":78,"column":4},"end":{"line":78,"column":51}},"7":{"start":{"line":79,"column":4},"end":{"line":79,"column":56}},"8":{"start":{"line":81,"column":4},"end":{"line":81,"column":49}},"9":{"start":{"line":82,"column":4},"end":{"line":82,"column":73}},"10":{"start":{"line":89,"column":20},"end":{"line":91,"column":1}},"11":{"start":{"line":90,"column":2},"end":{"line":90,"column":64}},"12":{"start":{"line":102,"column":34},"end":{"line":184,"column":1}},"13":{"start":{"line":103,"column":2},"end":{"line":183,"column":3}},"14":{"start":{"line":104,"column":23},"end":{"line":110,"column":5}},"15":{"start":{"line":105,"column":6},"end":{"line":109,"column":9}},"16":{"start":{"line":112,"column":24},"end":{"line":175,"column":5}},"17":{"start":{"line":177,"column":17},"end":{"line":177,"column":56}},"18":{"start":{"line":178,"column":4},"end":{"line":178,"column":65}},"19":{"start":{"line":179,"column":4},"end":{"line":179,"column":56}},"20":{"start":{"line":181,"column":4},"end":{"line":181,"column":59}},"21":{"start":{"line":182,"column":4},"end":{"line":182,"column":63}},"22":{"start":{"line":196,"column":35},"end":{"line":291,"column":1}},"23":{"start":{"line":197,"column":2},"end":{"line":290,"column":3}},"24":{"start":{"line":198,"column":23},"end":{"line":204,"column":5}},"25":{"start":{"line":199,"column":6},"end":{"line":203,"column":9}},"26":{"start":{"line":206,"column":23},"end":{"line":206,"column":44}},"27":{"start":{"line":207,"column":24},"end":{"line":207,"column":58}},"28":{"start":{"line":208,"column":27},"end":{"line":210,"column":59}},"29":{"start":{"line":211,"column":17},"end":{"line":211,"column":39}},"30":{"start":{"line":213,"column":24},"end":{"line":282,"column":5}},"31":{"start":{"line":284,"column":17},"end":{"line":284,"column":56}},"32":{"start":{"line":285,"column":4},"end":{"line":285,"column":66}},"33":{"start":{"line":286,"column":4},"end":{"line":286,"column":56}},"34":{"start":{"line":288,"column":4},"end":{"line":288,"column":60}},"35":{"start":{"line":289,"column":4},"end":{"line":289,"column":64}},"36":{"start":{"line":304,"column":27},"end":{"line":394,"column":1}},"37":{"start":{"line":305,"column":2},"end":{"line":393,"column":3}},"38":{"start":{"line":306,"column":23},"end":{"line":312,"column":5}},"39":{"start":{"line":307,"column":6},"end":{"line":311,"column":9}},"40":{"start":{"line":314,"column":24},"end":{"line":385,"column":5}},"41":{"start":{"line":387,"column":17},"end":{"line":387,"column":56}},"42":{"start":{"line":388,"column":4},"end":{"line":388,"column":58}},"43":{"start":{"line":389,"column":4},"end":{"line":389,"column":56}},"44":{"start":{"line":391,"column":4},"end":{"line":391,"column":52}},"45":{"start":{"line":392,"column":4},"end":{"line":392,"column":56}},"46":{"start":{"line":408,"column":26},"end":{"line":502,"column":1}},"47":{"start":{"line":409,"column":2},"end":{"line":501,"column":3}},"48":{"start":{"line":410,"column":23},"end":{"line":416,"column":5}},"49":{"start":{"line":411,"column":6},"end":{"line":415,"column":9}},"50":{"start":{"line":418,"column":24},"end":{"line":493,"column":5}},"51":{"start":{"line":495,"column":17},"end":{"line":495,"column":56}},"52":{"start":{"line":496,"column":4},"end":{"line":496,"column":57}},"53":{"start":{"line":497,"column":4},"end":{"line":497,"column":56}},"54":{"start":{"line":499,"column":4},"end":{"line":499,"column":51}},"55":{"start":{"line":500,"column":4},"end":{"line":500,"column":55}},"56":{"start":{"line":504,"column":0},"end":{"line":511,"column":2}}},"fnMap":{"0":{"name":"(anonymous_0)","decl":{"start":{"line":18,"column":21},"end":{"line":18,"column":22}},"loc":{"start":{"line":18,"column":62},"end":{"line":84,"column":1}},"line":18},"1":{"name":"(anonymous_1)","decl":{"start":{"line":89,"column":20},"end":{"line":89,"column":21}},"loc":{"start":{"line":89,"column":26},"end":{"line":91,"column":1}},"line":89},"2":{"name":"(anonymous_2)","decl":{"start":{"line":102,"column":34},"end":{"line":102,"column":35}},"loc":{"start":{"line":102,"column":121},"end":{"line":184,"column":1}},"line":102},"3":{"name":"(anonymous_3)","decl":{"start":{"line":104,"column":23},"end":{"line":104,"column":24}},"loc":{"start":{"line":104,"column":33},"end":{"line":110,"column":5}},"line":104},"4":{"name":"(anonymous_4)","decl":{"start":{"line":196,"column":35},"end":{"line":196,"column":36}},"loc":{"start":{"line":196,"column":127},"end":{"line":291,"column":1}},"line":196},"5":{"name":"(anonymous_5)","decl":{"start":{"line":198,"column":23},"end":{"line":198,"column":24}},"loc":{"start":{"line":198,"column":33},"end":{"line":204,"column":5}},"line":198},"6":{"name":"(anonymous_6)","decl":{"start":{"line":304,"column":27},"end":{"line":304,"column":28}},"loc":{"start":{"line":304,"column":138},"end":{"line":394,"column":1}},"line":304},"7":{"name":"(anonymous_7)","decl":{"start":{"line":306,"column":23},"end":{"line":306,"column":24}},"loc":{"start":{"line":306,"column":33},"end":{"line":312,"column":5}},"line":306},"8":{"name":"(anonymous_8)","decl":{"start":{"line":408,"column":26},"end":{"line":408,"column":27}},"loc":{"start":{"line":408,"column":151},"end":{"line":502,"column":1}},"line":408},"9":{"name":"(anonymous_9)","decl":{"start":{"line":410,"column":23},"end":{"line":410,"column":24}},"loc":{"start":{"line":410,"column":33},"end":{"line":416,"column":5}},"line":410}},"branchMap":{"0":{"loc":{"start":{"line":18,"column":40},"end":{"line":18,"column":57}},"type":"default-arg","locations":[{"start":{"line":18,"column":51},"end":{"line":18,"column":57}}],"line":18},"1":{"loc":{"start":{"line":196,"column":110},"end":{"line":196,"column":122}},"type":"default-arg","locations":[{"start":{"line":196,"column":120},"end":{"line":196,"column":122}}],"line":196},"2":{"loc":{"start":{"line":207,"column":24},"end":{"line":207,"column":58}},"type":"cond-expr","locations":[{"start":{"line":207,"column":37},"end":{"line":207,"column":46}},{"start":{"line":207,"column":49},"end":{"line":207,"column":58}}],"line":207},"3":{"loc":{"start":{"line":208,"column":27},"end":{"line":210,"column":59}},"type":"cond-expr","locations":[{"start":{"line":209,"column":8},"end":{"line":209,"column":59}},{"start":{"line":210,"column":8},"end":{"line":210,"column":59}}],"line":208},"4":{"loc":{"start":{"line":211,"column":17},"end":{"line":211,"column":39}},"type":"cond-expr","locations":[{"start":{"line":211,"column":30},"end":{"line":211,"column":33}},{"start":{"line":211,"column":36},"end":{"line":211,"column":39}}],"line":211},"5":{"loc":{"start":{"line":259,"column":16},"end":{"line":264,"column":20}},"type":"cond-expr","locations":[{"start":{"line":259,"column":26},"end":{"line":264,"column":15}},{"start":{"line":264,"column":18},"end":{"line":264,"column":20}}],"line":259},"6":{"loc":{"start":{"line":267,"column":18},"end":{"line":269,"column":113}},"type":"cond-expr","locations":[{"start":{"line":268,"column":12},"end":{"line":268,"column":121}},{"start":{"line":269,"column":12},"end":{"line":269,"column":113}}],"line":267}},"s":{"0":1,"1":1,"2":1,"3":0,"4":0,"5":0,"6":0,"7":0,"8":0,"9":0,"10":1,"11":0,"12":1,"13":0,"14":0,"15":0,"16":0,"17":0,"18":0,"19":0,"20":0,"21":0,"22":1,"23":0,"24":0,"25":0,"26":0,"27":0,"28":0,"29":0,"30":0,"31":0,"32":0,"33":0,"34":0,"35":0,"36":1,"37":0,"38":0,"39":0,"40":0,"41":0,"42":0,"43":0,"44":0,"45":0,"46":1,"47":0,"48":0,"49":0,"50":0,"51":0,"52":0,"53":0,"54":0,"55":0,"56":1},"f":{"0":0,"1":0,"2":0,"3":0,"4":0,"5":0,"6":0,"7":0,"8":0,"9":0},"b":{"0":[0],"1":[0],"2":[0,0],"3":[0,0],"4":[0,0],"5":[0,0],"6":[0,0]},"_coverageSchema":"1a1c01bbd47fc00a2c39e90264f33305004495a9","hash":"f45d567f57e3fe4b79ad0fd5b2d8d303341f9f19"}
,"D:\\raiyan\\dev\\sqa_project\\server\\utils\\leaveUtils.js": {"path":"D:\\raiyan\\dev\\sqa_project\\server\\utils\\leaveUtils.js","statementMap":{"0":{"start":{"line":1,"column":17},"end":{"line":1,"column":46}},"1":{"start":{"line":6,"column":18},"end":{"line":19,"column":1}},"2":{"start":{"line":7,"column":22},"end":{"line":7,"column":36}},"3":{"start":{"line":8,"column":4},"end":{"line":8,"column":35}},"4":{"start":{"line":10,"column":4},"end":{"line":18,"column":7}},"5":{"start":{"line":11,"column":33},"end":{"line":11,"column":55}},"6":{"start":{"line":12,"column":8},"end":{"line":12,"column":46}},"7":{"start":{"line":13,"column":31},"end":{"line":13,"column":57}},"8":{"start":{"line":14,"column":8},"end":{"line":14,"column":84}},"9":{"start":{"line":15,"column":8},"end":{"line":15,"column":49}},"10":{"start":{"line":17,"column":8},"end":{"line":17,"column":76}},"11":{"start":{"line":24,"column":26},"end":{"line":54,"column":1}},"12":{"start":{"line":25,"column":18},"end":{"line":25,"column":37}},"13":{"start":{"line":26,"column":4},"end":{"line":26,"column":31}},"14":{"start":{"line":27,"column":16},"end":{"line":27,"column":33}},"15":{"start":{"line":28,"column":4},"end":{"line":28,"column":34}},"16":{"start":{"line":30,"column":24},"end":{"line":32,"column":6}},"17":{"start":{"line":34,"column":21},"end":{"line":41,"column":6}},"18":{"start":{"line":35,"column":29},"end":{"line":35,"column":51}},"19":{"start":{"line":36,"column":8},"end":{"line":36,"column":42}},"20":{"start":{"line":37,"column":27},"end":{"line":37,"column":49}},"21":{"start":{"line":38,"column":8},"end":{"line":38,"column":76}},"22":{"start":{"line":39,"column":8},"end":{"line":39,"column":45}},"23":{"start":{"line":40,"column":8},"end":{"line":40,"column":58}},"24":{"start":{"line":43,"column":16},"end":{"line":43,"column":17}},"25":{"start":{"line":44,"column":20},"end":{"line":44,"column":35}},"26":{"start":{"line":45,"column":4},"end":{"line":51,"column":5}},"27":{"start":{"line":46,"column":26},"end":{"line":46,"column":42}},"28":{"start":{"line":47,"column":8},"end":{"line":49,"column":9}},"29":{"start":{"line":48,"column":12},"end":{"line":48,"column":20}},"30":{"start":{"line":50,"column":8},"end":{"line":50,"column":47}},"31":{"start":{"line":53,"column":4},"end":{"line":53,"column":17}},"32":{"start":{"line":59,"column":29},"end":{"line":67,"column":1}},"33":{"start":{"line":61,"column":30},"end":{"line":61,"column":93}},"34":{"start":{"line":62,"column":28},"end":{"line":62,"column":87}},"35":{"start":{"line":64,"column":4},"end":{"line":64,"column":54}},"36":{"start":{"line":64,"column":45},"end":{"line":64,"column":54}},"37":{"start":{"line":66,"column":4},"end":{"line":66,"column":71}},"38":{"start":{"line":69,"column":0},"end":{"line":73,"column":2}}},"fnMap":{"0":{"name":"(anonymous_0)","decl":{"start":{"line":6,"column":18},"end":{"line":6,"column":19}},"loc":{"start":{"line":6,"column":42},"end":{"line":19,"column":1}},"line":6},"1":{"name":"(anonymous_1)","decl":{"start":{"line":10,"column":29},"end":{"line":10,"column":30}},"loc":{"start":{"line":10,"column":40},"end":{"line":18,"column":5}},"line":10},"2":{"name":"(anonymous_2)","decl":{"start":{"line":24,"column":26},"end":{"line":24,"column":27}},"loc":{"start":{"line":24,"column":56},"end":{"line":54,"column":1}},"line":24},"3":{"name":"(anonymous_3)","decl":{"start":{"line":34,"column":40},"end":{"line":34,"column":41}},"loc":{"start":{"line":34,"column":51},"end":{"line":41,"column":5}},"line":34},"4":{"name":"(anonymous_4)","decl":{"start":{"line":59,"column":29},"end":{"line":59,"column":30}},"loc":{"start":{"line":59,"column":85},"end":{"line":67,"column":1}},"line":59}},"branchMap":{"0":{"loc":{"start":{"line":17,"column":15},"end":{"line":17,"column":75}},"type":"binary-expr","locations":[{"start":{"line":17,"column":15},"end":{"line":17,"column":44}},{"start":{"line":17,"column":48},"end":{"line":17,"column":75}}],"line":17},"1":{"loc":{"start":{"line":40,"column":15},"end":{"line":40,"column":57}},"type":"binary-expr","locations":[{"start":{"line":40,"column":15},"end":{"line":40,"column":34}},{"start":{"line":40,"column":38},"end":{"line":40,"column":57}}],"line":40},"2":{"loc":{"start":{"line":47,"column":8},"end":{"line":49,"column":9}},"type":"if","locations":[{"start":{"line":47,"column":8},"end":{"line":49,"column":9}},{"start":{},"end":{}}],"line":47},"3":{"loc":{"start":{"line":47,"column":12},"end":{"line":47,"column":79}},"type":"binary-expr","locations":[{"start":{"line":47,"column":12},"end":{"line":47,"column":27}},{"start":{"line":47,"column":31},"end":{"line":47,"column":46}},{"start":{"line":47,"column":50},"end":{"line":47,"column":79}}],"line":47},"4":{"loc":{"start":{"line":64,"column":4},"end":{"line":64,"column":54}},"type":"if","locations":[{"start":{"line":64,"column":4},"end":{"line":64,"column":54}},{"start":{},"end":{}}],"line":64}},"s":{"0":1,"1":1,"2":12,"3":12,"4":12,"5":7,"6":7,"7":7,"8":7,"9":7,"10":7,"11":1,"12":2,"13":2,"14":2,"15":2,"16":2,"17":2,"18":1,"19":1,"20":1,"21":1,"22":1,"23":1,"24":2,"25":2,"26":2,"27":10,"28":10,"29":8,"30":10,"31":2,"32":1,"33":1,"34":1,"35":1,"36":1,"37":0,"38":1},"f":{"0":12,"1":7,"2":2,"3":1,"4":1},"b":{"0":[7,6],"1":[1,1],"2":[8,2],"3":[10,10,10],"4":[1,0]},"_coverageSchema":"1a1c01bbd47fc00a2c39e90264f33305004495a9","hash":"1847fd73d0a322de11624f792a99b46ec0c706e1"}
}
