TN:
SF:config\cloudinary.js
FNF:0
FNH:0
DA:1,2
DA:4,2
DA:10,2
LF:3
LH:3
BRF:0
BRH:0
end_of_record
TN:
SF:controllers\authController.js
FN:10,(anonymous_0)
FN:114,(anonymous_1)
FN:168,(anonymous_2)
FN:198,(anonymous_3)
FN:238,(anonymous_4)
FN:282,(anonymous_5)
FNF:6
FNH:5
FNDA:2,(anonymous_0)
FNDA:3,(anonymous_1)
FNDA:0,(anonymous_2)
FNDA:3,(anonymous_3)
FNDA:1,(anonymous_4)
FNDA:2,(anonymous_5)
DA:1,4
DA:2,4
DA:3,4
DA:4,4
DA:5,4
DA:6,4
DA:7,4
DA:10,4
DA:11,2
DA:12,2
DA:15,2
DA:16,0
DA:20,2
DA:21,1
DA:25,1
DA:26,0
DA:30,1
DA:31,1
DA:32,1
DA:33,0
DA:37,1
DA:38,1
DA:39,0
DA:43,1
DA:44,1
DA:45,0
DA:49,1
DA:50,1
DA:53,1
DA:54,1
DA:55,0
DA:56,0
DA:58,0
DA:59,0
DA:64,1
DA:74,1
DA:77,1
DA:84,1
DA:87,1
DA:93,1
DA:108,0
DA:109,0
DA:114,4
DA:115,3
DA:116,3
DA:119,3
DA:120,1
DA:124,2
DA:125,2
DA:126,0
DA:130,2
DA:131,0
DA:135,2
DA:136,2
DA:137,1
DA:141,1
DA:147,1
DA:162,0
DA:163,0
DA:168,4
DA:169,0
DA:170,0
DA:174,0
DA:175,0
DA:178,0
DA:192,0
DA:193,0
DA:198,4
DA:199,3
DA:200,3
DA:202,3
DA:203,0
DA:207,3
DA:208,3
DA:209,2
DA:213,1
DA:216,1
DA:219,1
DA:225,1
DA:227,1
DA:232,0
DA:233,0
DA:238,4
DA:239,1
DA:240,1
DA:242,1
DA:243,0
DA:247,1
DA:249,1
DA:250,0
DA:254,1
DA:255,0
DA:256,0
DA:260,1
DA:261,0
DA:262,0
DA:263,0
DA:269,1
DA:271,1
DA:276,0
DA:277,0
DA:282,4
DA:283,2
DA:284,2
DA:286,2
DA:287,0
DA:291,2
DA:292,0
DA:295,2
DA:296,2
DA:297,2
DA:298,0
DA:302,2
DA:303,2
DA:304,1
DA:308,1
DA:309,1
DA:312,1
DA:313,1
DA:315,1
DA:317,0
DA:318,0
LF:122
LH:83
BRDA:15,0,0,0
BRDA:15,0,1,2
BRDA:15,1,0,2
BRDA:15,1,1,2
BRDA:15,1,2,2
BRDA:15,1,3,2
BRDA:15,1,4,2
BRDA:20,2,0,1
BRDA:20,2,1,1
BRDA:25,3,0,0
BRDA:25,3,1,1
BRDA:32,4,0,0
BRDA:32,4,1,1
BRDA:32,5,0,1
BRDA:32,5,1,1
BRDA:38,6,0,0
BRDA:38,6,1,1
BRDA:44,7,0,0
BRDA:44,7,1,1
BRDA:54,8,0,0
BRDA:54,8,1,1
BRDA:119,9,0,1
BRDA:119,9,1,2
BRDA:119,10,0,3
BRDA:119,10,1,3
BRDA:125,11,0,0
BRDA:125,11,1,2
BRDA:130,12,0,0
BRDA:130,12,1,2
BRDA:136,13,0,1
BRDA:136,13,1,1
BRDA:174,14,0,0
BRDA:174,14,1,0
BRDA:202,15,0,0
BRDA:202,15,1,3
BRDA:208,16,0,2
BRDA:208,16,1,1
BRDA:233,17,0,0
BRDA:233,17,1,0
BRDA:242,18,0,0
BRDA:242,18,1,1
BRDA:242,19,0,1
BRDA:242,19,1,1
BRDA:249,20,0,0
BRDA:249,20,1,1
BRDA:254,21,0,0
BRDA:254,21,1,1
BRDA:260,22,0,0
BRDA:260,22,1,1
BRDA:286,23,0,0
BRDA:286,23,1,2
BRDA:286,24,0,2
BRDA:286,24,1,2
BRDA:291,25,0,0
BRDA:291,25,1,2
BRDA:297,26,0,0
BRDA:297,26,1,2
BRDA:297,27,0,2
BRDA:297,27,1,2
BRDA:303,28,0,1
BRDA:303,28,1,1
BRF:61
BRH:41
end_of_record
TN:
SF:controllers\leaveController.js
FN:15,(anonymous_0)
FN:72,(anonymous_1)
FN:76,(anonymous_2)
FN:88,(anonymous_3)
FN:102,(anonymous_4)
FN:173,(anonymous_5)
FN:194,(anonymous_6)
FN:242,(anonymous_7)
FN:337,(anonymous_8)
FN:353,(anonymous_9)
FN:372,(anonymous_10)
FN:392,(anonymous_11)
FN:417,(anonymous_12)
FN:435,(anonymous_13)
FN:470,(anonymous_14)
FN:652,(anonymous_15)
FN:668,(anonymous_16)
FN:686,(anonymous_17)
FN:718,(anonymous_18)
FN:743,(anonymous_19)
FN:746,(anonymous_20)
FN:803,(anonymous_21)
FN:884,(anonymous_22)
FN:920,(anonymous_23)
FN:926,(anonymous_24)
FN:962,(anonymous_25)
FNF:26
FNH:9
FNDA:9,(anonymous_0)
FNDA:11,(anonymous_1)
FNDA:0,(anonymous_2)
FNDA:6,(anonymous_3)
FNDA:0,(anonymous_4)
FNDA:2,(anonymous_5)
FNDA:0,(anonymous_6)
FNDA:0,(anonymous_7)
FNDA:1,(anonymous_8)
FNDA:1,(anonymous_9)
FNDA:0,(anonymous_10)
FNDA:1,(anonymous_11)
FNDA:2,(anonymous_12)
FNDA:0,(anonymous_13)
FNDA:5,(anonymous_14)
FNDA:0,(anonymous_15)
FNDA:0,(anonymous_16)
FNDA:0,(anonymous_17)
FNDA:0,(anonymous_18)
FNDA:0,(anonymous_19)
FNDA:0,(anonymous_20)
FNDA:0,(anonymous_21)
FNDA:0,(anonymous_22)
FNDA:0,(anonymous_23)
FNDA:0,(anonymous_24)
FNDA:0,(anonymous_25)
DA:1,2
DA:2,2
DA:3,2
DA:4,2
DA:5,2
DA:6,2
DA:12,2
DA:15,2
DA:16,9
DA:30,9
DA:33,9
DA:34,9
DA:35,2
DA:36,2
DA:38,0
DA:40,7
DA:41,0
DA:45,9
DA:46,1
DA:47,1
DA:49,0
DA:54,9
DA:55,1
DA:59,8
DA:60,8
DA:62,8
DA:63,1
DA:66,7
DA:67,7
DA:68,1
DA:72,6
DA:73,11
DA:74,11
DA:76,11
DA:77,0
DA:78,0
DA:79,0
DA:80,0
DA:81,0
DA:83,0
DA:88,6
DA:90,6
DA:91,6
DA:92,6
DA:93,6
DA:97,6
DA:102,6
DA:103,0
DA:104,0
DA:105,0
DA:106,0
DA:107,0
DA:110,0
DA:113,6
DA:114,6
DA:115,6
DA:117,6
DA:118,13
DA:121,13
DA:122,11
DA:124,13
DA:127,6
DA:130,6
DA:131,6
DA:134,6
DA:135,1
DA:141,5
DA:142,5
DA:143,0
DA:149,5
DA:151,5
DA:152,5
DA:153,5
DA:155,5
DA:156,1
DA:162,4
DA:163,4
DA:164,1
DA:168,3
DA:170,3
DA:171,2
DA:172,2
DA:173,2
DA:180,1
DA:181,1
DA:182,0
DA:183,0
DA:185,0
DA:186,0
DA:192,1
DA:193,1
DA:194,0
DA:200,1
DA:202,0
DA:211,1
DA:212,1
DA:215,1
DA:218,1
DA:238,1
DA:241,1
DA:242,0
DA:251,0
DA:254,0
DA:255,0
DA:256,0
DA:257,0
DA:258,0
DA:268,0
DA:274,1
DA:275,1
DA:277,0
DA:278,0
DA:279,0
DA:293,1
DA:298,1
DA:299,0
DA:312,0
DA:318,1
DA:324,1
DA:326,1
DA:331,0
DA:332,0
DA:337,2
DA:338,1
DA:339,1
DA:345,1
DA:347,0
DA:348,0
DA:353,2
DA:354,1
DA:355,1
DA:364,1
DA:366,0
DA:367,0
DA:372,2
DA:373,0
DA:374,0
DA:375,0
DA:384,0
DA:386,0
DA:387,0
DA:392,2
DA:393,1
DA:394,1
DA:396,1
DA:397,0
DA:400,1
DA:409,0
DA:411,1
DA:412,1
DA:417,2
DA:418,2
DA:419,2
DA:421,2
DA:422,1
DA:425,1
DA:427,1
DA:431,0
DA:435,0
DA:437,0
DA:444,0
DA:446,0
DA:452,0
DA:455,0
DA:462,0
DA:464,1
DA:465,1
DA:470,2
DA:471,5
DA:472,5
DA:473,5
DA:475,5
DA:476,5
DA:477,0
DA:480,5
DA:481,5
DA:482,1
DA:485,4
DA:487,4
DA:488,3
DA:490,2
DA:491,1
DA:494,1
DA:495,1
DA:497,1
DA:500,1
DA:501,1
DA:502,1
DA:504,0
DA:505,0
DA:518,1
DA:521,1
DA:523,0
DA:524,0
DA:528,0
DA:529,0
DA:532,0
DA:533,0
DA:534,0
DA:535,0
DA:538,0
DA:539,0
DA:540,0
DA:541,0
DA:542,0
DA:545,0
DA:546,0
DA:549,0
DA:552,0
DA:555,0
DA:556,0
DA:557,0
DA:568,0
DA:573,1
DA:575,1
DA:577,1
DA:578,1
DA:579,0
DA:581,1
DA:582,1
DA:583,1
DA:586,0
DA:587,0
DA:588,0
DA:590,0
DA:591,0
DA:593,0
DA:594,0
DA:595,0
DA:597,0
DA:601,1
DA:602,1
DA:603,1
DA:604,0
DA:615,0
DA:620,1
DA:621,1
DA:622,1
DA:625,0
DA:628,1
DA:631,1
DA:639,1
DA:641,1
DA:646,1
DA:647,1
DA:652,2
DA:653,0
DA:654,0
DA:656,0
DA:660,0
DA:662,0
DA:663,0
DA:668,2
DA:669,0
DA:670,0
DA:678,0
DA:680,0
DA:681,0
DA:686,2
DA:687,0
DA:688,0
DA:689,0
DA:691,0
DA:692,0
DA:695,0
DA:698,0
DA:699,0
DA:702,0
DA:703,0
DA:706,0
DA:707,0
DA:711,0
DA:712,0
DA:713,0
DA:716,0
DA:717,0
DA:718,0
DA:721,0
DA:722,0
DA:723,0
DA:726,0
DA:728,0
DA:729,0
DA:732,0
DA:739,0
DA:742,0
DA:743,0
DA:745,0
DA:746,0
DA:750,0
DA:751,0
DA:752,0
DA:755,0
DA:756,0
DA:757,0
DA:758,0
DA:759,0
DA:760,0
DA:761,0
DA:762,0
DA:775,0
DA:779,0
DA:780,0
DA:794,0
DA:801,0
DA:802,0
DA:803,0
DA:806,0
DA:808,0
DA:811,0
DA:818,0
DA:821,0
DA:822,0
DA:823,0
DA:824,0
DA:826,0
DA:828,0
DA:829,0
DA:830,0
DA:844,0
DA:849,0
DA:850,0
DA:864,0
DA:870,0
DA:873,0
DA:878,0
DA:879,0
DA:884,2
DA:885,0
DA:886,0
DA:887,0
DA:890,0
DA:891,0
DA:895,0
DA:898,0
DA:899,0
DA:902,0
DA:903,0
DA:905,0
DA:906,0
DA:908,0
DA:909,0
DA:915,0
DA:917,0
DA:918,0
DA:919,0
DA:920,0
DA:922,0
DA:924,0
DA:925,0
DA:926,0
DA:931,0
DA:932,0
DA:934,0
DA:935,0
DA:936,0
DA:937,0
DA:938,0
DA:939,0
DA:940,0
DA:941,0
DA:942,0
DA:947,0
DA:962,0
DA:967,0
DA:972,0
DA:973,0
LF:367
LH:155
BRDA:34,0,0,2
BRDA:34,0,1,7
BRDA:40,1,0,0
BRDA:40,1,1,7
BRDA:45,2,0,1
BRDA:45,2,1,8
BRDA:54,3,0,1
BRDA:54,3,1,8
BRDA:54,4,0,9
BRDA:54,4,1,8
BRDA:54,4,2,8
BRDA:62,5,0,1
BRDA:62,5,1,7
BRDA:67,6,0,1
BRDA:67,6,1,6
BRDA:83,7,0,0
BRDA:83,7,1,0
BRDA:110,8,0,0
BRDA:110,8,1,0
BRDA:121,9,0,11
BRDA:121,9,1,2
BRDA:121,10,0,13
BRDA:121,10,1,12
BRDA:121,10,2,11
BRDA:131,11,0,1
BRDA:131,11,1,5
BRDA:134,12,0,1
BRDA:134,12,1,5
BRDA:142,13,0,0
BRDA:142,13,1,5
BRDA:142,14,0,5
BRDA:142,14,1,0
BRDA:149,15,0,5
BRDA:149,15,1,0
BRDA:149,16,0,5
BRDA:149,16,1,0
BRDA:151,17,0,5
BRDA:151,17,1,0
BRDA:152,18,0,5
BRDA:152,18,1,4
BRDA:155,19,0,1
BRDA:155,19,1,4
BRDA:162,20,0,4
BRDA:162,20,1,0
BRDA:163,21,0,1
BRDA:163,21,1,3
BRDA:163,22,0,4
BRDA:163,22,1,3
BRDA:168,23,0,3
BRDA:168,23,1,2
BRDA:170,24,0,2
BRDA:170,24,1,1
BRDA:171,25,0,2
BRDA:171,25,1,0
BRDA:171,26,0,2
BRDA:171,26,1,2
BRDA:173,27,0,2
BRDA:173,27,1,1
BRDA:181,28,0,0
BRDA:181,28,1,1
BRDA:193,29,0,0
BRDA:193,29,1,1
BRDA:200,30,0,0
BRDA:200,30,1,1
BRDA:221,31,0,1
BRDA:221,31,1,1
BRDA:221,31,2,0
BRDA:222,32,0,1
BRDA:222,32,1,1
BRDA:223,33,0,1
BRDA:223,33,1,1
BRDA:224,34,0,0
BRDA:224,34,1,1
BRDA:230,35,0,1
BRDA:230,35,1,1
BRDA:235,36,0,0
BRDA:235,36,1,1
BRDA:241,37,0,0
BRDA:241,37,1,1
BRDA:257,38,0,0
BRDA:257,38,1,0
BRDA:257,39,0,0
BRDA:257,39,1,0
BRDA:275,40,0,0
BRDA:275,40,1,1
BRDA:278,41,0,0
BRDA:278,41,1,0
BRDA:278,42,0,0
BRDA:278,42,1,0
BRDA:284,43,0,0
BRDA:284,43,1,0
BRDA:284,43,2,0
BRDA:298,44,0,0
BRDA:298,44,1,1
BRDA:298,45,0,1
BRDA:298,45,1,0
BRDA:396,46,0,0
BRDA:396,46,1,1
BRDA:421,47,0,1
BRDA:421,47,1,1
BRDA:427,48,0,0
BRDA:427,48,1,0
BRDA:444,49,0,0
BRDA:444,49,1,0
BRDA:476,50,0,0
BRDA:476,50,1,5
BRDA:481,51,0,1
BRDA:481,51,1,4
BRDA:487,52,0,3
BRDA:487,52,1,1
BRDA:488,53,0,2
BRDA:488,53,1,1
BRDA:490,54,0,1
BRDA:490,54,1,1
BRDA:495,55,0,1
BRDA:495,55,1,1
BRDA:504,56,0,0
BRDA:504,56,1,0
BRDA:504,57,0,0
BRDA:504,57,1,0
BRDA:504,57,2,0
BRDA:510,58,0,0
BRDA:510,58,1,0
BRDA:521,59,0,0
BRDA:521,59,1,1
BRDA:523,60,0,0
BRDA:523,60,1,0
BRDA:528,61,0,0
BRDA:528,61,1,0
BRDA:534,62,0,0
BRDA:534,62,1,0
BRDA:539,63,0,0
BRDA:539,63,1,0
BRDA:540,64,0,0
BRDA:540,64,1,0
BRDA:542,65,0,0
BRDA:542,65,1,0
BRDA:542,66,0,0
BRDA:542,66,1,0
BRDA:545,67,0,0
BRDA:545,67,1,0
BRDA:556,68,0,0
BRDA:556,68,1,0
BRDA:564,69,0,0
BRDA:564,69,1,0
BRDA:575,70,0,1
BRDA:575,70,1,0
BRDA:577,71,0,1
BRDA:577,71,1,0
BRDA:578,72,0,0
BRDA:578,72,1,1
BRDA:582,73,0,1
BRDA:582,73,1,1
BRDA:586,74,0,0
BRDA:586,74,1,0
BRDA:587,75,0,0
BRDA:587,75,1,0
BRDA:590,76,0,0
BRDA:590,76,1,0
BRDA:594,77,0,0
BRDA:594,77,1,0
BRDA:603,78,0,0
BRDA:603,78,1,1
BRDA:603,79,0,1
BRDA:603,79,1,1
BRDA:611,80,0,0
BRDA:611,80,1,0
BRDA:621,81,0,1
BRDA:621,81,1,0
BRDA:636,82,0,1
BRDA:636,82,1,1
BRDA:691,83,0,0
BRDA:691,83,1,0
BRDA:691,84,0,0
BRDA:691,84,1,0
BRDA:698,85,0,0
BRDA:698,85,1,0
BRDA:702,86,0,0
BRDA:702,86,1,0
BRDA:706,87,0,0
BRDA:706,87,1,0
BRDA:711,88,0,0
BRDA:711,88,1,0
BRDA:721,89,0,0
BRDA:721,89,1,0
BRDA:726,90,0,0
BRDA:726,90,1,0
BRDA:729,91,0,0
BRDA:729,91,1,0
BRDA:750,92,0,0
BRDA:750,92,1,0
BRDA:750,93,0,0
BRDA:750,93,1,0
BRDA:750,93,2,0
BRDA:757,94,0,0
BRDA:757,94,1,0
BRDA:759,95,0,0
BRDA:759,95,1,0
BRDA:761,96,0,0
BRDA:761,96,1,0
BRDA:761,97,0,0
BRDA:761,97,1,0
BRDA:767,98,0,0
BRDA:767,98,1,0
BRDA:767,98,2,0
BRDA:779,99,0,0
BRDA:779,99,1,0
BRDA:779,100,0,0
BRDA:779,100,1,0
BRDA:801,101,0,0
BRDA:801,101,1,0
BRDA:806,102,0,0
BRDA:806,102,1,0
BRDA:823,103,0,0
BRDA:823,103,1,0
BRDA:826,104,0,0
BRDA:826,104,1,0
BRDA:829,105,0,0
BRDA:829,105,1,0
BRDA:829,106,0,0
BRDA:829,106,1,0
BRDA:835,107,0,0
BRDA:835,107,1,0
BRDA:835,107,2,0
BRDA:849,108,0,0
BRDA:849,108,1,0
BRDA:849,109,0,0
BRDA:849,109,1,0
BRDA:874,110,0,0
BRDA:874,110,1,0
BRDA:887,111,0,0
BRDA:887,111,1,0
BRDA:890,112,0,0
BRDA:890,112,1,0
BRDA:890,113,0,0
BRDA:890,113,1,0
BRDA:898,114,0,0
BRDA:898,114,1,0
BRDA:898,115,0,0
BRDA:898,115,1,0
BRDA:902,116,0,0
BRDA:902,116,1,0
BRDA:903,117,0,0
BRDA:903,117,1,0
BRDA:906,118,0,0
BRDA:906,118,1,0
BRDA:906,119,0,0
BRDA:906,119,1,0
BRDA:915,120,0,0
BRDA:915,120,1,0
BRDA:915,121,0,0
BRDA:915,121,1,0
BRDA:918,122,0,0
BRDA:918,122,1,0
BRDA:918,123,0,0
BRDA:918,123,1,0
BRDA:922,124,0,0
BRDA:922,124,1,0
BRDA:924,125,0,0
BRDA:924,125,1,0
BRDA:924,126,0,0
BRDA:924,126,1,0
BRDA:931,127,0,0
BRDA:931,127,1,0
BRDA:931,128,0,0
BRDA:931,128,1,0
BRDA:934,129,0,0
BRDA:934,129,1,0
BRDA:934,130,0,0
BRDA:934,130,1,0
BRDA:939,131,0,0
BRDA:939,131,1,0
BRF:272
BRH:89
end_of_record
TN:
SF:controllers\leaveQuotaController.js
FN:4,(anonymous_0)
FN:22,(anonymous_1)
FN:62,(anonymous_2)
FN:99,(anonymous_3)
FNF:4
FNH:2
FNDA:0,(anonymous_0)
FNDA:3,(anonymous_1)
FNDA:0,(anonymous_2)
FNDA:2,(anonymous_3)
DA:1,2
DA:4,2
DA:5,0
DA:7,0
DA:9,0
DA:14,0
DA:16,0
DA:17,0
DA:22,2
DA:23,3
DA:24,3
DA:27,3
DA:28,0
DA:33,3
DA:34,0
DA:40,3
DA:50,3
DA:56,0
DA:57,0
DA:62,2
DA:63,0
DA:64,0
DA:65,0
DA:67,0
DA:70,0
DA:71,0
DA:73,0
DA:74,0
DA:78,0
DA:84,0
DA:85,0
DA:88,0
DA:93,0
DA:94,0
DA:99,2
DA:100,2
DA:102,2
DA:112,2
DA:117,0
DA:118,0
LF:40
LH:14
BRDA:10,0,0,0
BRDA:10,0,1,0
BRDA:11,1,0,0
BRDA:11,1,1,0
BRDA:27,2,0,0
BRDA:27,2,1,3
BRDA:27,3,0,3
BRDA:27,3,1,3
BRDA:33,4,0,0
BRDA:33,4,1,3
BRDA:33,5,0,3
BRDA:33,5,1,3
BRDA:70,6,0,0
BRDA:70,6,1,0
BRDA:73,7,0,0
BRDA:73,7,1,0
BRDA:84,8,0,0
BRDA:84,8,1,0
BRF:18
BRH:6
end_of_record
TN:
SF:controllers\roleController.js
FN:6,(anonymous_0)
FN:65,(anonymous_1)
FN:96,(anonymous_2)
FN:109,(anonymous_3)
FNF:4
FNH:3
FNDA:2,(anonymous_0)
FNDA:0,(anonymous_1)
FNDA:1,(anonymous_2)
FNDA:1,(anonymous_3)
DA:1,2
DA:6,2
DA:7,2
DA:8,2
DA:9,2
DA:13,2
DA:14,2
DA:15,1
DA:19,1
DA:20,0
DA:21,0
DA:25,1
DA:26,0
DA:29,1
DA:31,1
DA:33,1
DA:34,0
DA:40,0
DA:41,0
DA:47,1
DA:48,1
DA:49,1
DA:60,0
DA:62,0
DA:64,0
DA:65,0
DA:67,0
DA:68,0
DA:70,0
DA:71,0
DA:82,0
DA:85,0
DA:88,0
DA:89,0
DA:96,2
DA:97,1
DA:99,1
DA:100,0
DA:103,1
DA:109,1
DA:114,1
DA:116,0
DA:117,0
LF:43
LH:22
BRDA:14,0,0,1
BRDA:14,0,1,1
BRDA:19,1,0,0
BRDA:19,1,1,1
BRDA:19,2,0,1
BRDA:19,2,1,1
BRDA:25,3,0,0
BRDA:25,3,1,1
BRDA:25,4,0,1
BRDA:25,4,1,0
BRDA:29,5,0,1
BRDA:29,5,1,0
BRDA:31,6,0,1
BRDA:31,6,1,0
BRDA:33,7,0,0
BRDA:33,7,1,1
BRDA:40,8,0,0
BRDA:40,8,1,0
BRDA:62,9,0,0
BRDA:62,9,1,0
BRDA:64,10,0,0
BRDA:64,10,1,0
BRDA:67,11,0,0
BRDA:67,11,1,0
BRDA:99,12,0,0
BRDA:99,12,1,1
BRDA:111,13,0,1
BRDA:111,13,1,0
BRDA:111,14,0,1
BRDA:111,14,1,1
BRF:30
BRH:14
end_of_record
TN:
SF:controllers\userController.js
FN:6,(anonymous_0)
FN:40,(anonymous_1)
FN:62,(anonymous_2)
FN:86,(anonymous_3)
FN:110,(anonymous_4)
FN:134,(anonymous_5)
FN:157,(anonymous_6)
FN:175,(anonymous_7)
FN:176,(anonymous_8)
FN:196,(anonymous_9)
FN:230,(anonymous_10)
FN:242,(anonymous_11)
FN:253,(anonymous_12)
FN:271,(anonymous_13)
FN:338,(anonymous_14)
FN:373,(anonymous_15)
FNF:16
FNH:2
FNDA:0,(anonymous_0)
FNDA:0,(anonymous_1)
FNDA:0,(anonymous_2)
FNDA:0,(anonymous_3)
FNDA:0,(anonymous_4)
FNDA:0,(anonymous_5)
FNDA:0,(anonymous_6)
FNDA:0,(anonymous_7)
FNDA:0,(anonymous_8)
FNDA:0,(anonymous_9)
FNDA:0,(anonymous_10)
FNDA:0,(anonymous_11)
FNDA:2,(anonymous_12)
FNDA:1,(anonymous_13)
FNDA:0,(anonymous_14)
FNDA:0,(anonymous_15)
DA:1,2
DA:2,2
DA:3,2
DA:6,2
DA:7,0
DA:9,0
DA:11,0
DA:12,0
DA:16,0
DA:17,0
DA:19,0
DA:32,0
DA:34,0
DA:35,0
DA:40,2
DA:41,0
DA:42,0
DA:44,0
DA:45,0
DA:48,0
DA:49,0
DA:50,0
DA:52,0
DA:61,0
DA:63,0
DA:70,0
DA:78,0
DA:80,0
DA:81,0
DA:86,2
DA:87,0
DA:88,0
DA:90,0
DA:91,0
DA:94,0
DA:95,0
DA:98,0
DA:99,0
DA:100,0
DA:102,0
DA:109,0
DA:111,0
DA:118,0
DA:126,0
DA:128,0
DA:129,0
DA:134,2
DA:135,0
DA:136,0
DA:137,0
DA:140,0
DA:141,0
DA:142,0
DA:143,0
DA:146,0
DA:149,0
DA:156,0
DA:158,0
DA:165,0
DA:175,0
DA:176,0
DA:177,0
DA:180,0
DA:187,0
DA:190,0
DA:191,0
DA:196,2
DA:197,0
DA:198,0
DA:199,0
DA:201,0
DA:202,0
DA:205,0
DA:206,0
DA:209,0
DA:215,0
DA:216,0
DA:217,0
DA:220,0
DA:226,0
DA:227,0
DA:228,0
DA:230,0
DA:231,0
DA:239,0
DA:242,0
DA:245,0
DA:247,0
DA:248,0
DA:253,2
DA:254,2
DA:255,2
DA:259,2
DA:260,1
DA:263,1
DA:265,0
DA:266,0
DA:271,2
DA:272,1
DA:273,1
DA:275,1
DA:276,1
DA:277,1
DA:280,1
DA:281,0
DA:283,0
DA:286,0
DA:287,0
DA:290,0
DA:291,0
DA:292,0
DA:294,0
DA:299,0
DA:300,0
DA:304,1
DA:312,0
DA:313,0
DA:316,0
DA:332,1
DA:333,1
DA:338,2
DA:339,0
DA:340,0
DA:342,0
DA:343,0
DA:346,0
DA:347,0
DA:350,0
DA:361,0
DA:362,0
DA:365,0
DA:367,0
DA:368,0
DA:373,2
DA:374,0
DA:375,0
DA:378,0
DA:379,0
DA:383,0
DA:384,0
DA:388,0
DA:389,0
DA:390,0
DA:391,0
DA:395,0
DA:397,0
DA:398,0
DA:402,0
DA:403,0
DA:407,0
DA:408,0
DA:410,0
DA:411,0
DA:415,0
DA:416,0
DA:419,0
DA:420,0
DA:422,0
DA:424,0
DA:425,0
LF:160
LH:26
BRDA:11,0,0,0
BRDA:11,0,1,0
BRDA:16,1,0,0
BRDA:16,1,1,0
BRDA:17,2,0,0
BRDA:17,2,1,0
BRDA:44,3,0,0
BRDA:44,3,1,0
BRDA:72,4,0,0
BRDA:72,4,1,0
BRDA:73,5,0,0
BRDA:73,5,1,0
BRDA:90,6,0,0
BRDA:90,6,1,0
BRDA:94,7,0,0
BRDA:94,7,1,0
BRDA:120,8,0,0
BRDA:120,8,1,0
BRDA:121,9,0,0
BRDA:121,9,1,0
BRDA:136,10,0,0
BRDA:136,10,1,0
BRDA:167,11,0,0
BRDA:167,11,1,0
BRDA:168,12,0,0
BRDA:168,12,1,0
BRDA:177,13,0,0
BRDA:177,13,1,0
BRDA:201,14,0,0
BRDA:201,14,1,0
BRDA:215,15,0,0
BRDA:215,15,1,0
BRDA:226,16,0,0
BRDA:226,16,1,0
BRDA:226,17,0,0
BRDA:226,17,1,0
BRDA:239,18,0,0
BRDA:239,18,1,0
BRDA:259,19,0,1
BRDA:259,19,1,1
BRDA:276,20,0,1
BRDA:276,20,1,0
BRDA:277,21,0,1
BRDA:277,21,1,0
BRDA:280,22,0,0
BRDA:280,22,1,1
BRDA:290,23,0,0
BRDA:290,23,1,0
BRDA:290,24,0,0
BRDA:290,24,1,0
BRDA:312,25,0,0
BRDA:312,25,1,0
BRDA:342,26,0,0
BRDA:342,26,1,0
BRDA:361,27,0,0
BRDA:361,27,1,0
BRDA:378,28,0,0
BRDA:378,28,1,0
BRDA:378,29,0,0
BRDA:378,29,1,0
BRDA:383,30,0,0
BRDA:383,30,1,0
BRDA:390,31,0,0
BRDA:390,31,1,0
BRDA:390,32,0,0
BRDA:390,32,1,0
BRDA:397,33,0,0
BRDA:397,33,1,0
BRDA:402,34,0,0
BRDA:402,34,1,0
BRDA:410,35,0,0
BRDA:410,35,1,0
BRF:72
BRH:5
end_of_record
TN:
SF:middleware\authMiddleware.js
FN:3,(anonymous_0)
FNF:1
FNH:1
FNDA:3,(anonymous_0)
DA:1,2
DA:3,2
DA:4,3
DA:5,3
DA:7,3
DA:8,1
DA:11,2
DA:12,1
DA:13,1
DA:15,1
DA:19,2
LF:11
LH:11
BRDA:7,0,0,1
BRDA:7,0,1,2
BRDA:11,1,0,2
BRDA:11,1,1,0
BRF:4
BRH:3
end_of_record
TN:
SF:middleware\upload.js
FN:8,(anonymous_0)
FNF:1
FNH:0
FNDA:0,(anonymous_0)
DA:1,1
DA:2,1
DA:5,1
DA:8,1
DA:9,0
DA:10,0
DA:11,0
DA:13,0
DA:14,0
DA:16,0
DA:21,1
DA:29,1
LF:12
LH:6
BRDA:13,0,0,0
BRDA:13,0,1,0
BRDA:13,1,0,0
BRDA:13,1,1,0
BRF:4
BRH:0
end_of_record
TN:
SF:models\AlternateRequest.js
FNF:0
FNH:0
DA:1,2
DA:3,2
DA:31,2
DA:32,2
DA:34,2
LF:5
LH:5
BRF:0
BRH:0
end_of_record
TN:
SF:models\Department.js
FNF:0
FNH:0
DA:1,4
DA:3,4
DA:8,4
LF:3
LH:3
BRF:0
BRH:0
end_of_record
TN:
SF:models\LeaveHistoryLog.js
FNF:0
FNH:0
DA:1,2
DA:3,2
DA:12,2
LF:3
LH:3
BRF:0
BRH:0
end_of_record
TN:
SF:models\LeaveRequest.js
FNF:0
FNH:0
DA:1,4
DA:3,4
DA:33,4
LF:3
LH:3
BRF:0
BRH:0
end_of_record
TN:
SF:models\OTP.js
FNF:0
FNH:0
DA:1,4
DA:3,4
DA:25,4
DA:27,4
LF:4
LH:4
BRF:0
BRH:0
end_of_record
TN:
SF:models\User.js
FN:28,(anonymous_0)
FN:35,(anonymous_1)
FN:52,(anonymous_2)
FN:57,(anonymous_3)
FN:62,(anonymous_4)
FN:78,(anonymous_5)
FNF:6
FNH:0
FNDA:0,(anonymous_0)
FNDA:0,(anonymous_1)
FNDA:0,(anonymous_2)
FNDA:0,(anonymous_3)
FNDA:0,(anonymous_4)
FNDA:0,(anonymous_5)
DA:1,8
DA:3,8
DA:14,8
DA:29,0
DA:35,0
DA:52,8
DA:53,0
DA:57,8
DA:58,0
DA:62,8
DA:63,0
DA:64,0
DA:65,0
DA:67,0
DA:74,0
DA:78,8
DA:79,0
DA:80,0
DA:81,0
DA:83,0
DA:90,0
DA:91,0
DA:92,0
DA:94,0
DA:95,0
DA:98,0
DA:99,0
DA:103,8
DA:104,8
DA:108,8
LF:30
LH:10
BRDA:29,0,0,0
BRDA:29,0,1,0
BRDA:53,1,0,0
BRDA:53,1,1,0
BRDA:53,2,0,0
BRDA:53,2,1,0
BRDA:58,3,0,0
BRDA:58,3,1,0
BRDA:90,4,0,0
BRDA:90,4,1,0
BRF:10
BRH:0
end_of_record
TN:
SF:models\Vacation.js
FN:30,(anonymous_0)
FNF:1
FNH:0
FNDA:0,(anonymous_0)
DA:1,2
DA:3,2
DA:30,2
DA:31,0
DA:35,2
DA:37,2
LF:6
LH:5
BRF:0
BRH:0
end_of_record
TN:
SF:routes\authRoutes.js
FNF:0
FNH:0
DA:1,1
DA:2,1
DA:3,1
DA:4,1
DA:5,1
DA:8,1
DA:9,1
DA:10,1
DA:11,1
DA:12,1
DA:15,1
DA:17,1
LF:12
LH:12
BRF:0
BRH:0
end_of_record
TN:
SF:routes\userRoutes.js
FNF:0
FNH:0
DA:1,1
DA:2,1
DA:3,1
DA:4,1
DA:5,1
DA:6,1
DA:11,1
DA:16,1
DA:21,1
DA:26,1
DA:31,1
DA:36,1
DA:38,1
DA:43,1
DA:48,1
DA:53,1
DA:58,1
DA:60,1
LF:18
LH:18
BRF:0
BRH:0
end_of_record
TN:
SF:utils\cloudinaryUpload.js
FN:10,(anonymous_0)
FN:11,(anonymous_1)
FN:21,(anonymous_2)
FN:39,(anonymous_3)
FNF:4
FNH:0
FNDA:0,(anonymous_0)
FNDA:0,(anonymous_1)
FNDA:0,(anonymous_2)
FNDA:0,(anonymous_3)
DA:1,2
DA:2,2
DA:10,2
DA:11,0
DA:12,0
DA:22,0
DA:23,0
DA:25,0
DA:30,0
DA:39,2
DA:40,0
DA:42,0
DA:43,0
DA:44,0
DA:46,0
DA:47,0
DA:49,0
DA:50,0
DA:54,2
LF:19
LH:5
BRDA:10,0,0,0
BRDA:22,1,0,0
BRDA:22,1,1,0
BRF:3
BRH:0
end_of_record
TN:
SF:utils\emailService.js
FN:18,(anonymous_0)
FN:89,(anonymous_1)
FN:102,(anonymous_2)
FN:104,(anonymous_3)
FN:196,(anonymous_4)
FN:198,(anonymous_5)
FN:304,(anonymous_6)
FN:306,(anonymous_7)
FN:408,(anonymous_8)
FN:410,(anonymous_9)
FNF:10
FNH:0
FNDA:0,(anonymous_0)
FNDA:0,(anonymous_1)
FNDA:0,(anonymous_2)
FNDA:0,(anonymous_3)
FNDA:0,(anonymous_4)
FNDA:0,(anonymous_5)
FNDA:0,(anonymous_6)
FNDA:0,(anonymous_7)
FNDA:0,(anonymous_8)
FNDA:0,(anonymous_9)
DA:1,1
DA:4,1
DA:18,1
DA:19,0
DA:20,0
DA:77,0
DA:78,0
DA:79,0
DA:81,0
DA:82,0
DA:89,1
DA:90,0
DA:102,1
DA:103,0
DA:104,0
DA:105,0
DA:112,0
DA:177,0
DA:178,0
DA:179,0
DA:181,0
DA:182,0
DA:196,1
DA:197,0
DA:198,0
DA:199,0
DA:206,0
DA:207,0
DA:208,0
DA:211,0
DA:213,0
DA:284,0
DA:285,0
DA:286,0
DA:288,0
DA:289,0
DA:304,1
DA:305,0
DA:306,0
DA:307,0
DA:314,0
DA:387,0
DA:388,0
DA:389,0
DA:391,0
DA:392,0
DA:408,1
DA:409,0
DA:410,0
DA:411,0
DA:418,0
DA:495,0
DA:496,0
DA:497,0
DA:499,0
DA:500,0
DA:504,1
LF:57
LH:9
BRDA:18,0,0,0
BRDA:196,1,0,0
BRDA:207,2,0,0
BRDA:207,2,1,0
BRDA:208,3,0,0
BRDA:208,3,1,0
BRDA:211,4,0,0
BRDA:211,4,1,0
BRDA:259,5,0,0
BRDA:259,5,1,0
BRDA:267,6,0,0
BRDA:267,6,1,0
BRF:12
BRH:0
end_of_record
TN:
SF:utils\leaveUtils.js
FN:6,(anonymous_0)
FN:10,(anonymous_1)
FN:24,(anonymous_2)
FN:34,(anonymous_3)
FN:59,(anonymous_4)
FNF:5
FNH:5
FNDA:12,(anonymous_0)
FNDA:7,(anonymous_1)
FNDA:2,(anonymous_2)
FNDA:1,(anonymous_3)
FNDA:1,(anonymous_4)
DA:1,1
DA:6,1
DA:7,12
DA:8,12
DA:10,12
DA:11,7
DA:12,7
DA:13,7
DA:14,7
DA:15,7
DA:17,7
DA:24,1
DA:25,2
DA:26,2
DA:27,2
DA:28,2
DA:30,2
DA:34,2
DA:35,1
DA:36,1
DA:37,1
DA:38,1
DA:39,1
DA:40,1
DA:43,2
DA:44,2
DA:45,2
DA:46,10
DA:47,10
DA:48,8
DA:50,10
DA:53,2
DA:59,1
DA:61,1
DA:62,1
DA:64,1
DA:66,0
DA:69,1
LF:38
LH:37
BRDA:17,0,0,7
BRDA:17,0,1,6
BRDA:40,1,0,1
BRDA:40,1,1,1
BRDA:47,2,0,8
BRDA:47,2,1,2
BRDA:47,3,0,10
BRDA:47,3,1,10
BRDA:47,3,2,10
BRDA:64,4,0,1
BRDA:64,4,1,0
BRF:11
BRH:10
end_of_record
