{"D:\\raiyan\\dev\\sqa_project\\client\\src\\components\\ProtectedRoute.jsx": {"path":"D:\\raiyan\\dev\\sqa_project\\client\\src\\components\\ProtectedRoute.jsx","statementMap":{"0":{"start":{"line":5,"column":23},"end":{"line":26,"column":1}},"1":{"start":{"line":6,"column":28},"end":{"line":6,"column":51}},"2":{"start":{"line":8,"column":2},"end":{"line":19,"column":3}},"3":{"start":{"line":9,"column":4},"end":{"line":18,"column":6}},"4":{"start":{"line":21,"column":2},"end":{"line":23,"column":3}},"5":{"start":{"line":22,"column":4},"end":{"line":22,"column":44}},"6":{"start":{"line":25,"column":2},"end":{"line":25,"column":18}}},"fnMap":{"0":{"name":"(anonymous_0)","decl":{"start":{"line":5,"column":23},"end":{"line":5,"column":24}},"loc":{"start":{"line":5,"column":41},"end":{"line":26,"column":1}},"line":5}},"branchMap":{"0":{"loc":{"start":{"line":8,"column":2},"end":{"line":19,"column":3}},"type":"if","locations":[{"start":{"line":8,"column":2},"end":{"line":19,"column":3}},{"start":{},"end":{}}],"line":8},"1":{"loc":{"start":{"line":21,"column":2},"end":{"line":23,"column":3}},"type":"if","locations":[{"start":{"line":21,"column":2},"end":{"line":23,"column":3}},{"start":{},"end":{}}],"line":21}},"s":{"0":1,"1":3,"2":3,"3":1,"4":2,"5":1,"6":1},"f":{"0":3},"b":{"0":[1,2],"1":[1,1]},"_coverageSchema":"1a1c01bbd47fc00a2c39e90264f33305004495a9","hash":"4574be362b3d6f5709f1ff000522cb9bf08c3da8"}
,"D:\\raiyan\\dev\\sqa_project\\client\\src\\components\\RoleBasedRoute.jsx": {"path":"D:\\raiyan\\dev\\sqa_project\\client\\src\\components\\RoleBasedRoute.jsx","statementMap":{"0":{"start":{"line":5,"column":23},"end":{"line":38,"column":1}},"1":{"start":{"line":6,"column":28},"end":{"line":6,"column":51}},"2":{"start":{"line":8,"column":2},"end":{"line":19,"column":3}},"3":{"start":{"line":9,"column":4},"end":{"line":18,"column":6}},"4":{"start":{"line":21,"column":2},"end":{"line":23,"column":3}},"5":{"start":{"line":22,"column":4},"end":{"line":22,"column":44}},"6":{"start":{"line":26,"column":2},"end":{"line":35,"column":3}},"7":{"start":{"line":26,"column":49},"end":{"line":26,"column":74}},"8":{"start":{"line":28,"column":4},"end":{"line":34,"column":5}},"9":{"start":{"line":29,"column":6},"end":{"line":29,"column":59}},"10":{"start":{"line":30,"column":11},"end":{"line":34,"column":5}},"11":{"start":{"line":31,"column":6},"end":{"line":31,"column":54}},"12":{"start":{"line":33,"column":6},"end":{"line":33,"column":48}},"13":{"start":{"line":37,"column":2},"end":{"line":37,"column":18}}},"fnMap":{"0":{"name":"(anonymous_0)","decl":{"start":{"line":5,"column":23},"end":{"line":5,"column":24}},"loc":{"start":{"line":5,"column":55},"end":{"line":38,"column":1}},"line":5},"1":{"name":"(anonymous_1)","decl":{"start":{"line":26,"column":41},"end":{"line":26,"column":42}},"loc":{"start":{"line":26,"column":49},"end":{"line":26,"column":74}},"line":26}},"branchMap":{"0":{"loc":{"start":{"line":8,"column":2},"end":{"line":19,"column":3}},"type":"if","locations":[{"start":{"line":8,"column":2},"end":{"line":19,"column":3}},{"start":{},"end":{}}],"line":8},"1":{"loc":{"start":{"line":21,"column":2},"end":{"line":23,"column":3}},"type":"if","locations":[{"start":{"line":21,"column":2},"end":{"line":23,"column":3}},{"start":{},"end":{}}],"line":21},"2":{"loc":{"start":{"line":26,"column":2},"end":{"line":35,"column":3}},"type":"if","locations":[{"start":{"line":26,"column":2},"end":{"line":35,"column":3}},{"start":{},"end":{}}],"line":26},"3":{"loc":{"start":{"line":26,"column":6},"end":{"line":26,"column":75}},"type":"binary-expr","locations":[{"start":{"line":26,"column":6},"end":{"line":26,"column":18}},{"start":{"line":26,"column":22},"end":{"line":26,"column":75}}],"line":26},"4":{"loc":{"start":{"line":28,"column":4},"end":{"line":34,"column":5}},"type":"if","locations":[{"start":{"line":28,"column":4},"end":{"line":34,"column":5}},{"start":{"line":30,"column":11},"end":{"line":34,"column":5}}],"line":28},"5":{"loc":{"start":{"line":30,"column":11},"end":{"line":34,"column":5}},"type":"if","locations":[{"start":{"line":30,"column":11},"end":{"line":34,"column":5}},{"start":{"line":32,"column":11},"end":{"line":34,"column":5}}],"line":30}},"s":{"0":1,"1":8,"2":8,"3":1,"4":7,"5":1,"6":6,"7":7,"8":3,"9":1,"10":2,"11":1,"12":1,"13":3},"f":{"0":8,"1":7},"b":{"0":[1,7],"1":[1,6],"2":[3,3],"3":[6,6],"4":[1,2],"5":[1,1]},"_coverageSchema":"1a1c01bbd47fc00a2c39e90264f33305004495a9","hash":"1958dc906b960ddb03f2b0b6b2f05a32d8230c81"}
,"D:\\raiyan\\dev\\sqa_project\\client\\src\\pages\\Login.jsx": {"path":"D:\\raiyan\\dev\\sqa_project\\client\\src\\pages\\Login.jsx","statementMap":{"0":{"start":{"line":13,"column":14},"end":{"line":104,"column":1}},"1":{"start":{"line":14,"column":34},"end":{"line":17,"column":4}},"2":{"start":{"line":18,"column":28},"end":{"line":18,"column":40}},"3":{"start":{"line":19,"column":32},"end":{"line":19,"column":47}},"4":{"start":{"line":21,"column":20},"end":{"line":21,"column":43}},"5":{"start":{"line":22,"column":19},"end":{"line":22,"column":32}},"6":{"start":{"line":24,"column":23},"end":{"line":29,"column":3}},"7":{"start":{"line":25,"column":4},"end":{"line":28,"column":7}},"8":{"start":{"line":31,"column":23},"end":{"line":52,"column":3}},"9":{"start":{"line":32,"column":4},"end":{"line":32,"column":23}},"10":{"start":{"line":33,"column":4},"end":{"line":33,"column":17}},"11":{"start":{"line":34,"column":4},"end":{"line":34,"column":21}},"12":{"start":{"line":36,"column":19},"end":{"line":36,"column":40}},"13":{"start":{"line":38,"column":4},"end":{"line":49,"column":5}},"14":{"start":{"line":40,"column":6},"end":{"line":46,"column":7}},"15":{"start":{"line":41,"column":8},"end":{"line":41,"column":34}},"16":{"start":{"line":42,"column":13},"end":{"line":46,"column":7}},"17":{"start":{"line":43,"column":8},"end":{"line":43,"column":35}},"18":{"start":{"line":45,"column":8},"end":{"line":45,"column":29}},"19":{"start":{"line":48,"column":6},"end":{"line":48,"column":31}},"20":{"start":{"line":51,"column":4},"end":{"line":51,"column":22}},"21":{"start":{"line":54,"column":2},"end":{"line":103,"column":4}}},"fnMap":{"0":{"name":"(anonymous_0)","decl":{"start":{"line":13,"column":14},"end":{"line":13,"column":15}},"loc":{"start":{"line":13,"column":20},"end":{"line":104,"column":1}},"line":13},"1":{"name":"(anonymous_1)","decl":{"start":{"line":24,"column":23},"end":{"line":24,"column":24}},"loc":{"start":{"line":24,"column":30},"end":{"line":29,"column":3}},"line":24},"2":{"name":"(anonymous_2)","decl":{"start":{"line":31,"column":23},"end":{"line":31,"column":24}},"loc":{"start":{"line":31,"column":36},"end":{"line":52,"column":3}},"line":31}},"branchMap":{"0":{"loc":{"start":{"line":38,"column":4},"end":{"line":49,"column":5}},"type":"if","locations":[{"start":{"line":38,"column":4},"end":{"line":49,"column":5}},{"start":{"line":47,"column":11},"end":{"line":49,"column":5}}],"line":38},"1":{"loc":{"start":{"line":40,"column":6},"end":{"line":46,"column":7}},"type":"if","locations":[{"start":{"line":40,"column":6},"end":{"line":46,"column":7}},{"start":{"line":42,"column":13},"end":{"line":46,"column":7}}],"line":40},"2":{"loc":{"start":{"line":42,"column":13},"end":{"line":46,"column":7}},"type":"if","locations":[{"start":{"line":42,"column":13},"end":{"line":46,"column":7}},{"start":{"line":44,"column":13},"end":{"line":46,"column":7}}],"line":42},"3":{"loc":{"start":{"line":60,"column":9},"end":{"line":60,"column":62}},"type":"binary-expr","locations":[{"start":{"line":60,"column":9},"end":{"line":60,"column":14}},{"start":{"line":60,"column":18},"end":{"line":60,"column":62}}],"line":60},"4":{"loc":{"start":{"line":94,"column":25},"end":{"line":94,"column":60}},"type":"cond-expr","locations":[{"start":{"line":94,"column":35},"end":{"line":94,"column":50}},{"start":{"line":94,"column":53},"end":{"line":94,"column":60}}],"line":94}},"s":{"0":1,"1":22,"2":22,"3":22,"4":22,"5":22,"6":22,"7":8,"8":22,"9":4,"10":4,"11":4,"12":4,"13":4,"14":3,"15":1,"16":2,"17":1,"18":1,"19":1,"20":4,"21":22},"f":{"0":22,"1":8,"2":4},"b":{"0":[3,1],"1":[1,2],"2":[1,1],"3":[22,1],"4":[4,18]},"_coverageSchema":"1a1c01bbd47fc00a2c39e90264f33305004495a9","hash":"40bf2d86b474b2c1a18ed2068876c82903eab14f"}
,"D:\\raiyan\\dev\\sqa_project\\client\\src\\test\\styleMock.cjs": {"path":"D:\\raiyan\\dev\\sqa_project\\client\\src\\test\\styleMock.cjs","statementMap":{"0":{"start":{"line":1,"column":0},"end":{"line":1,"column":20}}},"fnMap":{},"branchMap":{},"s":{"0":1},"f":{},"b":{},"inputSourceMap":null,"_coverageSchema":"1a1c01bbd47fc00a2c39e90264f33305004495a9","hash":"b06e5842747acfb5f1c5795227a39187ea33effa"}
}
