TN:
SF:src\components\ProtectedRoute.jsx
FN:5,(anonymous_0)
FNF:1
FNH:1
FNDA:3,(anonymous_0)
DA:5,1
DA:6,3
DA:8,3
DA:9,1
DA:21,2
DA:22,1
DA:25,1
LF:7
LH:7
BRDA:8,0,0,1
BRDA:8,0,1,2
BRDA:21,1,0,1
BRDA:21,1,1,1
BRF:4
BRH:4
end_of_record
TN:
SF:src\components\RoleBasedRoute.jsx
FN:5,(anonymous_0)
FN:26,(anonymous_1)
FNF:2
FNH:2
FNDA:8,(anonymous_0)
FNDA:7,(anonymous_1)
DA:5,1
DA:6,8
DA:8,8
DA:9,1
DA:21,7
DA:22,1
DA:26,7
DA:28,3
DA:29,1
DA:30,2
DA:31,1
DA:33,1
DA:37,3
LF:13
LH:13
BRDA:8,0,0,1
BRDA:8,0,1,7
BRDA:21,1,0,1
BRDA:21,1,1,6
BRDA:26,2,0,3
BRDA:26,2,1,3
BRDA:26,3,0,6
BRDA:26,3,1,6
BRDA:28,4,0,1
BRDA:28,4,1,2
BRDA:30,5,0,1
BRDA:30,5,1,1
BRF:12
BRH:12
end_of_record
TN:
SF:src\pages\Login.jsx
FN:13,(anonymous_0)
FN:24,(anonymous_1)
FN:31,(anonymous_2)
FNF:3
FNH:3
FNDA:22,(anonymous_0)
FNDA:8,(anonymous_1)
FNDA:4,(anonymous_2)
DA:13,1
DA:14,22
DA:18,22
DA:19,22
DA:21,22
DA:22,22
DA:24,22
DA:25,8
DA:31,22
DA:32,4
DA:33,4
DA:34,4
DA:36,4
DA:38,4
DA:40,3
DA:41,1
DA:42,2
DA:43,1
DA:45,1
DA:48,1
DA:51,4
DA:54,22
LF:22
LH:22
BRDA:38,0,0,3
BRDA:38,0,1,1
BRDA:40,1,0,1
BRDA:40,1,1,2
BRDA:42,2,0,1
BRDA:42,2,1,1
BRDA:60,3,0,22
BRDA:60,3,1,1
BRDA:94,4,0,4
BRDA:94,4,1,18
BRF:10
BRH:10
end_of_record
TN:
SF:src\test\styleMock.cjs
FNF:0
FNH:0
DA:1,1
LF:1
LH:1
BRF:0
BRH:0
end_of_record
